\BOOKMARK [1][-]{section.1}{State of the art and preliminary work}{}% 1
\BOOKMARK [2][-]{subsection.1.1}{Project-related publications}{section.1}% 2
\BOOKMARK [3][-]{subsubsection.1.1.1}{Articles published by outlets with scientific quality assurance, book publications, and works accepted for publication but not yet published.}{subsection.1.1}% 3
\BOOKMARK [3][-]{subsubsection.1.1.2}{Other publications}{subsection.1.1}% 4
\BOOKMARK [3][-]{subsubsection.1.1.3}{Patents}{subsection.1.1}% 5
\BOOKMARK [1][-]{section.2}{Objectives and work programme}{}% 6
\BOOKMARK [2][-]{subsection.2.1}{Anticipated total duration of the project}{section.2}% 7
\BOOKMARK [2][-]{subsection.2.2}{Objectives}{section.2}% 8
\BOOKMARK [3][-]{subsubsection.2.2.1}{Microsynthesis of microfluidic biochips}{subsection.2.2}% 9
\BOOKMARK [3][-]{subsubsection.2.2.2}{Macrosynthesis of microfluidic biochips}{subsection.2.2}% 10
\BOOKMARK [3][-]{subsubsection.2.2.3}{Cyber-physical integration of microfluidic biochips}{subsection.2.2}% 11
\BOOKMARK [2][-]{subsection.2.3}{Work programme incl. proposed research methods}{section.2}% 12
\BOOKMARK [3][-]{subsubsection.2.3.1}{WP1: Storage minimization during scheduling}{subsection.2.3}% 13
\BOOKMARK [3][-]{subsubsection.2.3.2}{WP2: Architectural synthesis with distributed channel storage}{subsection.2.3}% 14
\BOOKMARK [3][-]{subsubsection.2.3.3}{WP3: Volume management and washing}{subsection.2.3}% 15
\BOOKMARK [3][-]{subsubsection.2.3.4}{WP4: Flow-layer and control-layer codesign}{subsection.2.3}% 16
\BOOKMARK [3][-]{subsubsection.2.3.5}{WP5: Hierarchical synthesis of large-scale biochemical assays}{subsection.2.3}% 17
\BOOKMARK [3][-]{subsubsection.2.3.6}{WP6: Cyber-physical integration of microfluidic biochips}{subsection.2.3}% 18
\BOOKMARK [2][-]{subsection.2.4}{Data handling}{section.2}% 19
\BOOKMARK [2][-]{subsection.2.5}{Other information}{section.2}% 20
\BOOKMARK [2][-]{subsection.2.6}{Explanations on the proposed investigations}{section.2}% 21
\BOOKMARK [2][-]{subsection.2.7}{Information on scientific and financial involvement of international cooperation partners}{section.2}% 22
\BOOKMARK [1][-]{section.3}{Bibliography}{}% 23
\BOOKMARK [1][-]{section.4}{Requested modules/funds}{}% 24
\BOOKMARK [2][-]{subsection.4.1}{Basic Module}{section.4}% 25
\BOOKMARK [3][-]{subsubsection.4.1.1}{Funding for Staff}{subsection.4.1}% 26
\BOOKMARK [3][-]{subsubsection.4.1.2}{Direct Project Costs}{subsection.4.1}% 27
\BOOKMARK [3][-]{subsubsection.4.1.3}{Instrumentation}{subsection.4.1}% 28
\BOOKMARK [2][-]{subsection.4.2}{Module Temporary Position for Funding}{section.4}% 29
\BOOKMARK [2][-]{subsection.4.3}{Module Replacement Funding}{section.4}% 30
\BOOKMARK [2][-]{subsection.4.4}{Module Temporary Clinician Substitute}{section.4}% 31
\BOOKMARK [2][-]{subsection.4.5}{Module Mercator Fellows}{section.4}% 32
\BOOKMARK [2][-]{subsection.4.6}{Module Workshop Funding}{section.4}% 33
\BOOKMARK [2][-]{subsection.4.7}{Module Public Relations Funding}{section.4}% 34
\BOOKMARK [1][-]{section.5}{Project requirements}{}% 35
\BOOKMARK [2][-]{subsection.5.1}{Employment status information}{section.5}% 36
\BOOKMARK [2][-]{subsection.5.2}{First-time proposal data}{section.5}% 37
\BOOKMARK [2][-]{subsection.5.3}{Composition of the project group}{section.5}% 38
\BOOKMARK [2][-]{subsection.5.4}{Cooperation with other researchers}{section.5}% 39
\BOOKMARK [3][-]{subsubsection.5.4.1}{Researchers with whom you have agreed to cooperate on this project}{subsection.5.4}% 40
\BOOKMARK [3][-]{subsubsection.5.4.2}{Researchers with whom you have collaborated scientifically within the past three years}{subsection.5.4}% 41
\BOOKMARK [2][-]{subsection.5.5}{Scientific equipment}{section.5}% 42
\BOOKMARK [2][-]{subsection.5.6}{Project-relevant cooperation with commercial enterprises}{section.5}% 43
\BOOKMARK [2][-]{subsection.5.7}{Project-relevant participation in commercial enterprises}{section.5}% 44
\BOOKMARK [1][-]{section.6}{Additional information}{}% 45
