This is pdfTeX, Version 3.14159265-2.6-1.40.17 (TeX Live 2016/Debian) (preloaded format=pdflatex 2018.12.6)  23 AUG 2019 13:49
entering extended mode
 \write18 enabled.
 %&-line parsing enabled.
**biochip_syn_proposal_revised_v7.tex
(./biochip_syn_proposal_revised_v7.tex
LaTeX2e <2017/01/01> patch level 3
Babel <3.9r> and hyphenation patterns for 3 language(s) loaded.
(/usr/share/texlive/texmf-dist/tex/latex/base/article.cls
Document Class: article 2014/09/29 v1.4h Standard LaTeX document class
(/usr/share/texlive/texmf-dist/tex/latex/base/size10.clo
File: size10.clo 2014/09/29 v1.4h Standard LaTeX file (size option)
)
\c@part=\count79
\c@section=\count80
\c@subsection=\count81
\c@subsubsection=\count82
\c@paragraph=\count83
\c@subparagraph=\count84
\c@figure=\count85
\c@table=\count86
\abovecaptionskip=\skip41
\belowcaptionskip=\skip42
\bibindent=\dimen102
) (./pagesetting.tex
(/usr/share/texlive/texmf-dist/tex/latex/geometry/geometry.sty
Package: geometry 2010/09/12 v5.6 Page Geometry

(/usr/share/texlive/texmf-dist/tex/latex/graphics/keyval.sty
Package: keyval 2014/10/28 v1.15 key=value parser (DPC)
\KV@toks@=\toks14
)
(/usr/share/texlive/texmf-dist/tex/generic/oberdiek/ifpdf.sty
Package: ifpdf 2016/05/14 v3.1 Provides the ifpdf switch
)
(/usr/share/texlive/texmf-dist/tex/generic/oberdiek/ifvtex.sty
Package: ifvtex 2016/05/16 v1.6 Detect VTeX and its facilities (HO)
Package ifvtex Info: VTeX not detected.
)
(/usr/share/texlive/texmf-dist/tex/generic/ifxetex/ifxetex.sty
Package: ifxetex 2010/09/12 v0.6 Provides ifxetex conditional
)
\Gm@cnth=\count87
\Gm@cntv=\count88
\c@Gm@tempcnt=\count89
\Gm@bindingoffset=\dimen103
\Gm@wd@mp=\dimen104
\Gm@odd@mp=\dimen105
\Gm@even@mp=\dimen106
\Gm@layoutwidth=\dimen107
\Gm@layoutheight=\dimen108
\Gm@layouthoffset=\dimen109
\Gm@layoutvoffset=\dimen110
\Gm@dimlist=\toks15
)
(/usr/share/texlive/texmf-dist/tex/latex/xcolor/xcolor.sty
Package: xcolor 2016/05/11 v2.12 LaTeX color extensions (UK)

(/usr/share/texlive/texmf-dist/tex/latex/graphics-cfg/color.cfg
File: color.cfg 2016/01/02 v1.6 sample color configuration
)
Package xcolor Info: Driver file: pdftex.def on input line 225.

(/usr/share/texlive/texmf-dist/tex/latex/graphics-def/pdftex.def
File: pdftex.def 2017/01/12 v0.06k Graphics/color for pdfTeX

(/usr/share/texlive/texmf-dist/tex/generic/oberdiek/infwarerr.sty
Package: infwarerr 2016/05/16 v1.4 Providing info/warning/error messages (HO)
)
(/usr/share/texlive/texmf-dist/tex/generic/oberdiek/ltxcmds.sty
Package: ltxcmds 2016/05/16 v1.23 LaTeX kernel commands for general use (HO)
)
\Gread@gobject=\count90
)
Package xcolor Info: Model `cmy' substituted by `cmy0' on input line 1348.
Package xcolor Info: Model `hsb' substituted by `rgb' on input line 1352.
Package xcolor Info: Model `RGB' extended on input line 1364.
Package xcolor Info: Model `HTML' substituted by `rgb' on input line 1366.
Package xcolor Info: Model `Hsb' substituted by `hsb' on input line 1367.
Package xcolor Info: Model `tHsb' substituted by `hsb' on input line 1368.
Package xcolor Info: Model `HSB' substituted by `hsb' on input line 1369.
Package xcolor Info: Model `Gray' substituted by `gray' on input line 1370.
Package xcolor Info: Model `wave' substituted by `hsb' on input line 1371.
)
(/usr/share/texlive/texmf-dist/tex/latex/fancyhdr/fancyhdr.sty
Package: fancyhdr 2016/09/06 3.8 Extensive control of page headers and footers
\fancy@headwidth=\skip43
\f@ncyO@elh=\skip44
\f@ncyO@erh=\skip45
\f@ncyO@olh=\skip46
\f@ncyO@orh=\skip47
\f@ncyO@elf=\skip48
\f@ncyO@erf=\skip49
\f@ncyO@olf=\skip50
\f@ncyO@orf=\skip51
)
(/usr/share/texlive/texmf-dist/tex/latex/lastpage/lastpage.sty
Package: lastpage 2015/03/29 v1.2m Refers to last page's name (HMM; JPG)
)
(/usr/share/texlive/texmf-dist/tex/latex/etoolbox/etoolbox.sty
Package: etoolbox 2017/01/02 v2.4 e-TeX tools for LaTeX (JAW)
\etb@tempcnta=\count91
))
(/usr/share/texlive/texmf-dist/tex/latex/easylist/easylist.sty
Package: easylist 2014/01/11 v.1.4 Numbered items with a single command.
\el@CounterTotal=\count92
\el@Scratch=\count93
\el@ControlCounter=\count94
\el@CounterLevel=\count95
\c@List1=\count96
\c@List2=\count97
\c@List3=\count98
\c@List4=\count99
\c@List5=\count100
\c@List6=\count101
\c@List7=\count102
\c@List8=\count103
\c@List9=\count104
\c@List10=\count105
\el@ProgressiveDimension=\dimen111
\el@CounterBox=\box26
\el@ControlBox=\box27
\el@TotalMargin=\dimen112
\el@LeftMove=\dimen113
)
(/usr/share/texlive/texmf-dist/tex/latex/siunitx/siunitx.sty
(/usr/share/texlive/texmf-dist/tex/latex/l3kernel/expl3.sty
Package: expl3 2016/11/21 v6760 L3 programming layer (loader) 

(/usr/share/texlive/texmf-dist/tex/latex/l3kernel/expl3-code.tex
Package: expl3 2016/11/21 v6760 L3 programming layer (code)
L3 Module: l3bootstrap 2016/06/13 v6596 L3 Bootstrap code
L3 Module: l3names 2016/10/13 v6722 L3 Namespace for primitives
L3 Module: l3basics 2016/09/01 v6696 L3 Basic definitions
L3 Module: l3expan 2016/08/19 v6684 L3 Argument expansion
L3 Module: l3tl 2016/08/19 v6692 L3 Token lists
L3 Module: l3str 2016/08/19 v6692 L3 Strings
L3 Module: l3seq 2016/08/19 v6685 L3 Sequences and stacks
L3 Module: l3int 2016/09/07 v6700 L3 Integers
\c_max_int=\count106
\l_tmpa_int=\count107
\l_tmpb_int=\count108
\g_tmpa_int=\count109
\g_tmpb_int=\count110
L3 Module: l3quark 2016/08/19 v6685 L3 Quarks
L3 Module: l3prg 2016/08/18 v6679 L3 Control structures
\g__prg_map_int=\count111
L3 Module: l3clist 2016/08/19 v6685 L3 Comma separated lists
L3 Module: l3token 2016/09/01 v6695 L3 Experimental token manipulation
L3 Module: l3prop 2016/08/19 v6685 L3 Property lists
L3 Module: l3msg 2016/08/19 v6691 L3 Messages
L3 Module: l3file 2016/08/19 v6685 L3 File and I/O operations
\l_iow_line_count_int=\count112
\l__iow_target_count_int=\count113
\l__iow_current_line_int=\count114
\l__iow_current_word_int=\count115
\l__iow_current_indentation_int=\count116
L3 Module: l3skip 2016/08/19 v6692 L3 Dimensions and skips
\c_zero_dim=\dimen114
\c_max_dim=\dimen115
\l_tmpa_dim=\dimen116
\l_tmpb_dim=\dimen117
\g_tmpa_dim=\dimen118
\g_tmpb_dim=\dimen119
\c_zero_skip=\skip52
\c_max_skip=\skip53
\l_tmpa_skip=\skip54
\l_tmpb_skip=\skip55
\g_tmpa_skip=\skip56
\g_tmpb_skip=\skip57
\c_zero_muskip=\muskip10
\c_max_muskip=\muskip11
\l_tmpa_muskip=\muskip12
\l_tmpb_muskip=\muskip13
\g_tmpa_muskip=\muskip14
\g_tmpb_muskip=\muskip15
L3 Module: l3keys 2016/09/21 v6711 L3 Key-value interfaces
\l_keys_choice_int=\count117
L3 Module: l3fp 2016/11/21 v6761 L3 Floating points
\c__fp_leading_shift_int=\count118
\c__fp_middle_shift_int=\count119
\c__fp_trailing_shift_int=\count120
\c__fp_big_leading_shift_int=\count121
\c__fp_big_middle_shift_int=\count122
\c__fp_big_trailing_shift_int=\count123
\c__fp_Bigg_leading_shift_int=\count124
\c__fp_Bigg_middle_shift_int=\count125
\c__fp_Bigg_trailing_shift_int=\count126
L3 Module: l3box 2016/08/19 v6685 L3 Experimental boxes
\c_empty_box=\box28
\l_tmpa_box=\box29
\l_tmpb_box=\box30
\g_tmpa_box=\box31
\g_tmpb_box=\box32
L3 Module: l3coffins 2016/08/19 v6685 L3 Coffin code layer
\l__coffin_internal_box=\box33
\l__coffin_internal_dim=\dimen120
\l__coffin_offset_x_dim=\dimen121
\l__coffin_offset_y_dim=\dimen122
\l__coffin_x_dim=\dimen123
\l__coffin_y_dim=\dimen124
\l__coffin_x_prime_dim=\dimen125
\l__coffin_y_prime_dim=\dimen126
\c_empty_coffin=\box34
\l__coffin_aligned_coffin=\box35
\l__coffin_aligned_internal_coffin=\box36
\l_tmpa_coffin=\box37
\l_tmpb_coffin=\box38
\l__coffin_display_coffin=\box39
\l__coffin_display_coord_coffin=\box40
\l__coffin_display_pole_coffin=\box41
\l__coffin_display_offset_dim=\dimen127
\l__coffin_display_x_dim=\dimen128
\l__coffin_display_y_dim=\dimen129
L3 Module: l3color 2016/06/13 v6596 L3 Experimental color support
L3 Module: l3sys 2015/09/25 v6087 L3 Experimental system/runtime functions
L3 Module: l3candidates 2016/08/19 v6688 L3 Experimental additions to l3kernel
\l__box_top_dim=\dimen130
\l__box_bottom_dim=\dimen131
\l__box_left_dim=\dimen132
\l__box_right_dim=\dimen133
\l__box_top_new_dim=\dimen134
\l__box_bottom_new_dim=\dimen135
\l__box_left_new_dim=\dimen136
\l__box_right_new_dim=\dimen137
\l__box_internal_box=\box42
\l__coffin_bounding_shift_dim=\dimen138
\l__coffin_left_corner_dim=\dimen139
\l__coffin_right_corner_dim=\dimen140
\l__coffin_bottom_corner_dim=\dimen141
\l__coffin_top_corner_dim=\dimen142
\l__coffin_scaled_total_height_dim=\dimen143
\l__coffin_scaled_width_dim=\dimen144
L3 Module: l3luatex 2016/08/18 v6679 L3 Experimental LuaTeX-specific functions
)
(/usr/share/texlive/texmf-dist/tex/latex/l3kernel/l3pdfmode.def
File: l3pdfmode.def 2016/08/18 v6679 L3 Experimental driver: PDF mode
\l__driver_color_stack_int=\count127
\l__driver_tmp_box=\box43
))
(/usr/share/texlive/texmf-dist/tex/latex/l3packages/xparse/xparse.sty
Package: xparse 2016/11/21 v6760 L3 Experimental document command parser
\l__xparse_current_arg_int=\count128
\l__xparse_m_args_int=\count129
\l__xparse_mandatory_args_int=\count130
\l__xparse_processor_int=\count131
\l__xparse_v_nesting_int=\count132
)
Package: siunitx 2017/01/01 v2.7a A comprehensive (SI) units package

(/usr/share/texlive/texmf-dist/tex/latex/amsmath/amstext.sty
Package: amstext 2000/06/29 v2.01 AMS text

(/usr/share/texlive/texmf-dist/tex/latex/amsmath/amsgen.sty
File: amsgen.sty 1999/11/30 v2.0 generic functions
\@emptytoks=\toks16
\ex@=\dimen145
))
(/usr/share/texlive/texmf-dist/tex/latex/tools/array.sty
Package: array 2016/10/06 v2.4d Tabular extension package (FMi)
\col@sep=\dimen146
\extrarowheight=\dimen147
\NC@list=\toks17
\extratabsurround=\skip58
\backup@length=\skip59
)
(/usr/share/texlive/texmf-dist/tex/latex/l3packages/l3keys2e/l3keys2e.sty
Package: l3keys2e 2016/11/21 v6760 LaTeX2e option processing using LaTeX3 keys
)
\l__siunitx_tmp_box=\box44
\l__siunitx_tmp_dim=\dimen148
\l__siunitx_tmp_int=\count133
\l__siunitx_number_mantissa_length_int=\count134
\l__siunitx_number_uncert_length_int=\count135
\l__siunitx_round_int=\count136
\l__siunitx_process_decimal_int=\count137
\l__siunitx_process_uncertainty_int=\count138
\l__siunitx_process_fixed_int=\count139
\l__siunitx_process_integer_min_int=\count140
\l__siunitx_process_precision_int=\count141
\l__siunitx_group_min_int=\count142
\l__siunitx_angle_marker_box=\box45
\l__siunitx_angle_unit_box=\box46
\l__siunitx_angle_marker_dim=\dimen149
\l__siunitx_angle_unit_dim=\dimen150
\l__siunitx_unit_int=\count143
\l__siunitx_unit_denominator_int=\count144
\l__siunitx_unit_numerator_int=\count145
\l__siunitx_unit_prefix_int=\count146
\l__siunitx_unit_prefix_base_int=\count147
\l__siunitx_unit_prefix_gram_int=\count148
\l__siunitx_number_product_int=\count149
\c__siunitx_one_fill_skip=\skip60
\l__siunitx_table_unit_align_skip=\skip61
\l__siunitx_table_exponent_dim=\dimen151
\l__siunitx_table_integer_dim=\dimen152
\l__siunitx_table_mantissa_dim=\dimen153
\l__siunitx_table_marker_dim=\dimen154
\l__siunitx_table_result_dim=\dimen155
\l__siunitx_table_uncert_dim=\dimen156
\l__siunitx_table_fill_pre_dim=\dimen157
\l__siunitx_table_fill_post_dim=\dimen158
\l__siunitx_table_fill_mid_dim=\dimen159
\l__siunitx_table_pre_box=\box47
\l__siunitx_table_post_box=\box48
\l__siunitx_table_mantissa_box=\box49
\l__siunitx_table_result_box=\box50
\l__siunitx_table_number_align_skip=\skip62
\l__siunitx_table_text_align_skip=\skip63
.................................................
. LaTeX info: "xparse/define-command"
. 
. Defining command \DeclareBinaryPrefix with sig. 'mmm' on line 7249.
.................................................
.................................................
. LaTeX info: "xparse/define-command"
. 
. Defining command \DeclareSIPostPower with sig. 'mm' on line 7252.
.................................................
.................................................
. LaTeX info: "xparse/define-command"
. 
. Defining command \DeclareSIPrefix with sig. 'mmm' on line 7255.
.................................................
.................................................
. LaTeX info: "xparse/define-command"
. 
. Defining command \DeclareSIPrePower with sig. 'mm' on line 7258.
.................................................
.................................................
. LaTeX info: "xparse/define-command"
. 
. Defining command \DeclareSIQualifier with sig. 'mm' on line 7261.
.................................................
.................................................
. LaTeX info: "xparse/define-command"
. 
. Defining command \DeclareSIUnit with sig. 'O{}mm' on line 7264.
.................................................
.................................................
. LaTeX info: "xparse/define-command"
. 
. Defining command \DeclareSIUnitWithOptions with sig. 'mmm' on line 7267.
.................................................
.................................................
. LaTeX info: "xparse/define-command"
. 
. Defining command \ang with sig. 'o>{\SplitArgument {2}{;}}m' on line 7282.
.................................................
.................................................
. LaTeX info: "xparse/define-command"
. 
. Defining command \num with sig. 'om' on line 7291.
.................................................
.................................................
. LaTeX info: "xparse/define-command"
. 
. Defining command \numlist with sig. 'o>{\SplitList {;}}m' on line 7300.
.................................................
.................................................
. LaTeX info: "xparse/define-command"
. 
. Defining command \numrange with sig. 'omm' on line 7309.
.................................................
.................................................
. LaTeX info: "xparse/define-command"
. 
. Defining command \SIlist with sig. 'o>{\SplitList {;}}mm' on line 7321.
.................................................
.................................................
. LaTeX info: "xparse/define-command"
. 
. Defining command \SIrange with sig. 'ommm' on line 7333.
.................................................
.................................................
. LaTeX info: "xparse/define-command"
. 
. Defining command \SI with sig. 'omom' on line 7345.
.................................................
.................................................
. LaTeX info: "xparse/define-command"
. 
. Defining command \sisetup with sig. 'm' on line 7348.
.................................................
.................................................
. LaTeX info: "xparse/define-command"
. 
. Defining command \tablenum with sig. 'om' on line 7363.
.................................................
.................................................
. LaTeX info: "xparse/define-command"
. 
. Defining command \si with sig. 'om' on line 7375.
.................................................
.................................................
. LaTeX info: "xparse/define-command"
. 
. Defining command \__siunitx_bookmark_num:w with sig. 'om' on line 7422.
.................................................
.................................................
. LaTeX info: "xparse/define-command"
. 
. Defining command \__siunitx_bookmark_numrange:w with sig. 'omm' on line
. 7424.
.................................................
.................................................
. LaTeX info: "xparse/define-command"
. 
. Defining command \__siunitx_bookmark_SI:w with sig. 'omom' on line 7426.
.................................................
.................................................
. LaTeX info: "xparse/define-command"
. 
. Defining command \__siunitx_bookmark_SIlist:w with sig. 'omm' on line 7428.
.................................................
.................................................
. LaTeX info: "xparse/define-command"
. 
. Defining command \__siunitx_bookmark_SIrange:w with sig. 'ommm' on line
. 7430.
.................................................
.................................................
. LaTeX info: "xparse/define-command"
. 
. Defining command \__siunitx_bookmark_si:w with sig. 'om' on line 7431.
.................................................
\g__file_internal_ior=\read1

(/usr/share/texlive/texmf-dist/tex/latex/beamer/translator/translator.sty
Package: translator 2010/06/12 ver 1.10

(/usr/share/texlive/texmf-dist/tex/latex/beamer/translator/translator-language-
mappings.tex))) (/usr/share/texlive/texmf-dist/tex/latex/graphics/graphicx.sty
Package: graphicx 2014/10/28 v1.0g Enhanced LaTeX Graphics (DPC,SPQR)

(/usr/share/texlive/texmf-dist/tex/latex/graphics/graphics.sty
Package: graphics 2016/10/09 v1.0u Standard LaTeX Graphics (DPC,SPQR)

(/usr/share/texlive/texmf-dist/tex/latex/graphics/trig.sty
Package: trig 2016/01/03 v1.10 sin cos tan (DPC)
)
(/usr/share/texlive/texmf-dist/tex/latex/graphics-cfg/graphics.cfg
File: graphics.cfg 2016/06/04 v1.11 sample graphics configuration
)
Package graphics Info: Driver file: pdftex.def on input line 99.
)
\Gin@req@height=\dimen160
\Gin@req@width=\dimen161
)
(/usr/share/texlive/texmf-dist/tex/latex/caption/caption.sty
Package: caption 2016/02/21 v3.3-144 Customizing captions (AR)

(/usr/share/texlive/texmf-dist/tex/latex/caption/caption3.sty
Package: caption3 2016/05/22 v1.7-166 caption3 kernel (AR)
Package caption3 Info: TeX engine: e-TeX on input line 67.
\captionmargin=\dimen162
\captionmargin@=\dimen163
\captionwidth=\dimen164
\caption@tempdima=\dimen165
\caption@indent=\dimen166
\caption@parindent=\dimen167
\caption@hangindent=\dimen168
)
\c@ContinuedFloat=\count150
)
(/usr/share/texlive/texmf-dist/tex/latex/caption/subcaption.sty
Package: subcaption 2016/05/22 v1.1-161 Sub-captions (AR)
\c@subfigure=\count151
\c@subtable=\count152
)
(/usr/share/texlive/texmf-dist/tex/latex/wrapfig/wrapfig.sty
\wrapoverhang=\dimen169
\WF@size=\dimen170
\c@WF@wrappedlines=\count153
\WF@box=\box51
\WF@everypar=\toks18
Package: wrapfig 2003/01/31  v 3.6
)
(/usr/share/texlive/texmf-dist/tex/latex/eurosym/eurosym.sty
Package: eurosym 1998/08/06 v1.1 European currency symbol ``Euro''
\@eurobox=\box52
)
(/usr/share/texlive/texmf-dist/tex/latex/hyperref/hyperref.sty
Package: hyperref 2016/06/24 v6.83q Hypertext links for LaTeX

(/usr/share/texlive/texmf-dist/tex/generic/oberdiek/hobsub-hyperref.sty
Package: hobsub-hyperref 2016/05/16 v1.14 Bundle oberdiek, subset hyperref (HO)


(/usr/share/texlive/texmf-dist/tex/generic/oberdiek/hobsub-generic.sty
Package: hobsub-generic 2016/05/16 v1.14 Bundle oberdiek, subset generic (HO)
Package: hobsub 2016/05/16 v1.14 Construct package bundles (HO)
Package hobsub Info: Skipping package `infwarerr' (already loaded).
Package hobsub Info: Skipping package `ltxcmds' (already loaded).
Package: ifluatex 2016/05/16 v1.4 Provides the ifluatex switch (HO)
Package ifluatex Info: LuaTeX not detected.
Package hobsub Info: Skipping package `ifvtex' (already loaded).
Package: intcalc 2016/05/16 v1.2 Expandable calculations with integers (HO)
Package hobsub Info: Skipping package `ifpdf' (already loaded).
Package: etexcmds 2016/05/16 v1.6 Avoid name clashes with e-TeX commands (HO)
Package etexcmds Info: Could not find \expanded.
(etexcmds)             That can mean that you are not using pdfTeX 1.50 or
(etexcmds)             that some package has redefined \expanded.
(etexcmds)             In the latter case, load this package earlier.
Package: kvsetkeys 2016/05/16 v1.17 Key value parser (HO)
Package: kvdefinekeys 2016/05/16 v1.4 Define keys (HO)
Package: pdftexcmds 2016/05/21 v0.22 Utility functions of pdfTeX for LuaTeX (HO
)
Package pdftexcmds Info: LuaTeX not detected.
Package pdftexcmds Info: \pdf@primitive is available.
Package pdftexcmds Info: \pdf@ifprimitive is available.
Package pdftexcmds Info: \pdfdraftmode found.
Package: pdfescape 2016/05/16 v1.14 Implements pdfTeX's escape features (HO)
Package: bigintcalc 2016/05/16 v1.4 Expandable calculations on big integers (HO
)
Package: bitset 2016/05/16 v1.2 Handle bit-vector datatype (HO)
Package: uniquecounter 2016/05/16 v1.3 Provide unlimited unique counter (HO)
)
Package hobsub Info: Skipping package `hobsub' (already loaded).
Package: letltxmacro 2016/05/16 v1.5 Let assignment for LaTeX macros (HO)
Package: hopatch 2016/05/16 v1.3 Wrapper for package hooks (HO)
Package: xcolor-patch 2016/05/16 xcolor patch
Package: atveryend 2016/05/16 v1.9 Hooks at the very end of document (HO)
Package: atbegshi 2016/06/09 v1.18 At begin shipout hook (HO)
Package: refcount 2016/05/16 v3.5 Data extraction from label references (HO)
Package: hycolor 2016/05/16 v1.8 Color options for hyperref/bookmark (HO)
)
(/usr/share/texlive/texmf-dist/tex/latex/oberdiek/auxhook.sty
Package: auxhook 2016/05/16 v1.4 Hooks for auxiliary files (HO)
)
(/usr/share/texlive/texmf-dist/tex/latex/oberdiek/kvoptions.sty
Package: kvoptions 2016/05/16 v3.12 Key value format for package options (HO)
)
\@linkdim=\dimen171
\Hy@linkcounter=\count154
\Hy@pagecounter=\count155

(/usr/share/texlive/texmf-dist/tex/latex/hyperref/pd1enc.def
File: pd1enc.def 2016/06/24 v6.83q Hyperref: PDFDocEncoding definition (HO)
)
\Hy@SavedSpaceFactor=\count156

(/usr/share/texlive/texmf-dist/tex/latex/latexconfig/hyperref.cfg
File: hyperref.cfg 2002/06/06 v1.2 hyperref configuration of TeXLive
)
Package hyperref Info: Hyper figures OFF on input line 4486.
Package hyperref Info: Link nesting OFF on input line 4491.
Package hyperref Info: Hyper index ON on input line 4494.
Package hyperref Info: Plain pages OFF on input line 4501.
Package hyperref Info: Backreferencing OFF on input line 4506.
Package hyperref Info: Implicit mode ON; LaTeX internals redefined.
Package hyperref Info: Bookmarks ON on input line 4735.
\c@Hy@tempcnt=\count157

(/usr/share/texlive/texmf-dist/tex/latex/url/url.sty
\Urlmuskip=\muskip16
Package: url 2013/09/16  ver 3.4  Verb mode for urls, etc.
)
LaTeX Info: Redefining \url on input line 5088.
\XeTeXLinkMargin=\dimen172
\Fld@menulength=\count158
\Field@Width=\dimen173
\Fld@charsize=\dimen174
Package hyperref Info: Hyper figures OFF on input line 6342.
Package hyperref Info: Link nesting OFF on input line 6347.
Package hyperref Info: Hyper index ON on input line 6350.
Package hyperref Info: backreferencing OFF on input line 6357.
Package hyperref Info: Link coloring OFF on input line 6362.
Package hyperref Info: Link coloring with OCG OFF on input line 6367.
Package hyperref Info: PDF/A mode OFF on input line 6372.
LaTeX Info: Redefining \ref on input line 6412.
LaTeX Info: Redefining \pageref on input line 6416.
\Hy@abspage=\count159
\c@Item=\count160
\c@Hfootnote=\count161
)

Package hyperref Message: Driver (autodetected): hpdftex.

(/usr/share/texlive/texmf-dist/tex/latex/hyperref/hpdftex.def
File: hpdftex.def 2016/06/24 v6.83q Hyperref driver for pdfTeX
\Fld@listcount=\count162
\c@bookmark@seq@number=\count163

(/usr/share/texlive/texmf-dist/tex/latex/oberdiek/rerunfilecheck.sty
Package: rerunfilecheck 2016/05/16 v1.8 Rerun checks for auxiliary files (HO)
Package uniquecounter Info: New unique counter `rerunfilecheck' on input line 2
82.
)
\Hy@SectionHShift=\skip64
)
(/usr/share/texlive/texmf-dist/tex/latex/amsfonts/amssymb.sty
Package: amssymb 2013/01/14 v3.01 AMS font symbols

(/usr/share/texlive/texmf-dist/tex/latex/amsfonts/amsfonts.sty
Package: amsfonts 2013/01/14 v3.01 Basic AMSFonts support
\symAMSa=\mathgroup4
\symAMSb=\mathgroup5
LaTeX Font Info:    Overwriting math alphabet `\mathfrak' in version `bold'
(Font)                  U/euf/m/n --> U/euf/b/n on input line 106.
))
(/usr/share/texlive/texmf-dist/tex/latex/amsmath/amsmath.sty
Package: amsmath 2016/11/05 v2.16a AMS math features
\@mathmargin=\skip65

For additional information on amsmath, use the `?' option.
(/usr/share/texlive/texmf-dist/tex/latex/amsmath/amsbsy.sty
Package: amsbsy 1999/11/29 v1.2d Bold Symbols
\pmbraise@=\dimen175
)
(/usr/share/texlive/texmf-dist/tex/latex/amsmath/amsopn.sty
Package: amsopn 2016/03/08 v2.02 operator names
)
\inf@bad=\count164
LaTeX Info: Redefining \frac on input line 213.
\uproot@=\count165
\leftroot@=\count166
LaTeX Info: Redefining \overline on input line 375.
\classnum@=\count167
\DOTSCASE@=\count168
LaTeX Info: Redefining \ldots on input line 472.
LaTeX Info: Redefining \dots on input line 475.
LaTeX Info: Redefining \cdots on input line 596.
\Mathstrutbox@=\box53
\strutbox@=\box54
\big@size=\dimen176
LaTeX Font Info:    Redeclaring font encoding OML on input line 712.
LaTeX Font Info:    Redeclaring font encoding OMS on input line 713.
\macc@depth=\count169
\c@MaxMatrixCols=\count170
\dotsspace@=\muskip17
\c@parentequation=\count171
\dspbrk@lvl=\count172
\tag@help=\toks19
\row@=\count173
\column@=\count174
\maxfields@=\count175
\andhelp@=\toks20
\eqnshift@=\dimen177
\alignsep@=\dimen178
\tagshift@=\dimen179
\tagwidth@=\dimen180
\totwidth@=\dimen181
\lineht@=\dimen182
\@envbody=\toks21
\multlinegap=\skip66
\multlinetaggap=\skip67
\mathdisplay@stack=\toks22
LaTeX Info: Redefining \[ on input line 2817.
LaTeX Info: Redefining \] on input line 2818.
)
(/usr/share/texlive/texmf-dist/tex/latex/amscls/amsthm.sty
Package: amsthm 2015/03/04 v2.20.2
\thm@style=\toks23
\thm@bodyfont=\toks24
\thm@headfont=\toks25
\thm@notefont=\toks26
\thm@headpunct=\toks27
\thm@preskip=\skip68
\thm@postskip=\skip69
\thm@headsep=\skip70
\dth@everypar=\toks28
)
(/usr/share/texlive/texmf-dist/tex/latex/titlesec/titlesec.sty
Package: titlesec 2016/03/21 v2.10.2 Sectioning titles
\ttl@box=\box55
\beforetitleunit=\skip71
\aftertitleunit=\skip72
\ttl@plus=\dimen183
\ttl@minus=\dimen184
\ttl@toksa=\toks29
\titlewidth=\dimen185
\titlewidthlast=\dimen186
\titlewidthfirst=\dimen187
)
(/usr/share/texlive/texmf-dist/tex/generic/ulem/ulem.sty
\UL@box=\box56
\UL@hyphenbox=\box57
\UL@skip=\skip73
\UL@hook=\toks30
\UL@height=\dimen188
\UL@pe=\count176
\UL@pixel=\dimen189
\ULC@box=\box58
Package: ulem 2012/05/18
\ULdepth=\dimen190
)
(./biochip_syn_proposal_revised_v7.aux)
\openout1 = `biochip_syn_proposal_revised_v7.aux'.

LaTeX Font Info:    Checking defaults for OML/cmm/m/it on input line 89.
LaTeX Font Info:    ... okay on input line 89.
LaTeX Font Info:    Checking defaults for T1/cmr/m/n on input line 89.
LaTeX Font Info:    ... okay on input line 89.
LaTeX Font Info:    Checking defaults for OT1/cmr/m/n on input line 89.
LaTeX Font Info:    ... okay on input line 89.
LaTeX Font Info:    Checking defaults for OMS/cmsy/m/n on input line 89.
LaTeX Font Info:    ... okay on input line 89.
LaTeX Font Info:    Checking defaults for OMX/cmex/m/n on input line 89.
LaTeX Font Info:    ... okay on input line 89.
LaTeX Font Info:    Checking defaults for U/cmr/m/n on input line 89.
LaTeX Font Info:    ... okay on input line 89.
LaTeX Font Info:    Checking defaults for PD1/pdf/m/n on input line 89.
LaTeX Font Info:    ... okay on input line 89.
LaTeX Font Info:    Try loading font information for T1+lhv on input line 89.

(/usr/local/share/texmf/tex/latex/tum/t1lhv.fd)
*geometry* driver: auto-detecting
*geometry* detected driver: pdftex
*geometry* verbose mode - [ preamble ] result:
* driver: pdftex
* paper: a4paper
* layout: <same size as paper>
* layoutoffset:(h,v)=(0.0pt,0.0pt)
* modes: 
* h-part:(L,W,R)=(66.86414pt, 463.7796pt, 66.86414pt)
* v-part:(T,H,B)=(66.86414pt, 711.31857pt, 66.86414pt)
* \paperwidth=597.50787pt
* \paperheight=845.04684pt
* \textwidth=463.7796pt
* \textheight=711.31857pt
* \oddsidemargin=-5.40585pt
* \evensidemargin=-5.40585pt
* \topmargin=-42.40585pt
* \headheight=12.0pt
* \headsep=25.0pt
* \topskip=10.0pt
* \footskip=30.0pt
* \marginparwidth=65.0pt
* \marginparsep=11.0pt
* \columnsep=10.0pt
* \skip\footins=9.0pt plus 4.0pt minus 2.0pt
* \hoffset=0.0pt
* \voffset=0.0pt
* \mag=1000
* \@twocolumnfalse
* \@twosidefalse
* \@mparswitchfalse
* \@reversemarginfalse
* (1in=72.27pt=25.4mm, 1cm=28.453pt)

(/usr/share/texlive/texmf-dist/tex/context/base/mkii/supp-pdf.mkii
[Loading MPS to PDF converter (version 2006.09.02).]
\scratchcounter=\count177
\scratchdimen=\dimen191
\scratchbox=\box59
\nofMPsegments=\count178
\nofMParguments=\count179
\everyMPshowfont=\toks31
\MPscratchCnt=\count180
\MPscratchDim=\dimen192
\MPnumerator=\count181
\makeMPintoPDFobject=\count182
\everyMPtoPDFconversion=\toks32
) (/usr/share/texlive/texmf-dist/tex/latex/oberdiek/epstopdf-base.sty
Package: epstopdf-base 2016/05/15 v2.6 Base part for package epstopdf

(/usr/share/texlive/texmf-dist/tex/latex/oberdiek/grfext.sty
Package: grfext 2016/05/16 v1.2 Manage graphics extensions (HO)
)
Package epstopdf-base Info: Redefining graphics rule for `.eps' on input line 4
38.
Package grfext Info: Graphics extension search list:
(grfext)             [.png,.pdf,.jpg,.mps,.jpeg,.jbig2,.jb2,.PNG,.PDF,.JPG,.JPE
G,.JBIG2,.JB2,.eps]
(grfext)             \AppendGraphicsExtensions on input line 456.

(/usr/share/texlive/texmf-dist/tex/latex/latexconfig/epstopdf-sys.cfg
File: epstopdf-sys.cfg 2010/07/13 v1.3 Configuration of (r)epstopdf for TeX Liv
e
))
Package lastpage Info: Please have a look at the pageslts package at
(lastpage)             https://www.ctan.org/pkg/pageslts
(lastpage)             ! on input line 89.

(/usr/share/texlive/texmf-dist/tex/latex/beamer/translator/dicts/translator-bas
ic-dictionary/translator-basic-dictionary-English.dict
Dictionary: translator-basic-dictionary, Language: English 
)
(/usr/share/texlive/texmf-dist/tex/latex/siunitx/siunitx-abbreviations.cfg
File: siunitx-abbreviations.cfg 2017/01/01 v2.7a siunitx: Abbreviated units
)
(/usr/share/texlive/texmf-dist/tex/latex/siunitx/siunitx-binary.cfg
File: siunitx-binary.cfg 2017/01/01 v2.7a siunitx: Binary units
)
Package caption Info: Begin \AtBeginDocument code.
Package caption Info: hyperref package is loaded.
Package caption Info: wrapfig package is loaded.
Package caption Info: End \AtBeginDocument code.
\AtBeginShipoutBox=\box60
Package hyperref Info: Link coloring OFF on input line 89.

(/usr/share/texlive/texmf-dist/tex/latex/hyperref/nameref.sty
Package: nameref 2016/05/21 v2.44 Cross-referencing by name of section

(/usr/share/texlive/texmf-dist/tex/generic/oberdiek/gettitlestring.sty
Package: gettitlestring 2016/05/16 v1.5 Cleanup title references (HO)
)
\c@section@level=\count183
)
LaTeX Info: Redefining \ref on input line 89.
LaTeX Info: Redefining \pageref on input line 89.
LaTeX Info: Redefining \nameref on input line 89.

(./biochip_syn_proposal_revised_v7.out) (./biochip_syn_proposal_revised_v7.out)
\@outlinefile=\write3
\openout3 = `biochip_syn_proposal_revised_v7.out'.

\c__siunitx_mathsf_int=\count184
LaTeX Font Info:    Calculating math sizes for size <10.4> on input line 89.
LaTeX Font Info:    Try loading font information for U+msa on input line 89.
(/usr/share/texlive/texmf-dist/tex/latex/amsfonts/umsa.fd
File: umsa.fd 2013/01/14 v3.01 AMS symbols A
)
LaTeX Font Info:    Try loading font information for U+msb on input line 89.

(/usr/share/texlive/texmf-dist/tex/latex/amsfonts/umsb.fd
File: umsb.fd 2013/01/14 v3.01 AMS symbols B
)
\c__siunitx_mathtt_int=\count185
 (./title.tex
Underfull \hbox (badness 10000) in paragraph at lines 1--9

 []

) (./introduction.tex (./Fig/valve_mixer_chip.pdf_tex
<Fig/valve_mixer_chip.pdf, id=187, 147.37662pt x 314.68816pt>
File: Fig/valve_mixer_chip.pdf Graphic file (type pdf)

<use Fig/valve_mixer_chip.pdf>
Package pdftex.def Info: Fig/valve_mixer_chip.pdf used on input line 52.
(pdftex.def)             Requested size: 147.3766pt x 314.68738pt.
) [1{/var/lib/texmf/fonts/map/pdftex/updmap/pdftex.map}

 <./Fig/valve_mixer_chip.pdf>] (./Fig/sequencing_graph.pdf_tex
<Fig/sequencing_graph.pdf, id=226, 143.06876pt x 141.81325pt>
File: Fig/sequencing_graph.pdf Graphic file (type pdf)

<use Fig/sequencing_graph.pdf>
Package pdftex.def Info: Fig/sequencing_graph.pdf used on input line 52.
(pdftex.def)             Requested size: 143.06876pt x 141.8172pt.
) [2 <./Fig/sequencing_graph.pdf>]
(./Fig/biochip_synthesis.pdf_tex
<Fig/biochip_synthesis.pdf, id=257, 193.50008pt x 236.75935pt>
File: Fig/biochip_synthesis.pdf Graphic file (type pdf)

<use Fig/biochip_synthesis.pdf>
Package pdftex.def Info: Fig/biochip_synthesis.pdf used on input line 52.
(pdftex.def)             Requested size: 193.50006pt x 236.77681pt.
)
Underfull \hbox (badness 1400) in paragraph at lines 288--288
[]\T1/lhv/m/n/10.4 Figure 3: |Syn-the-sis of mi-croflu-idic
 []

(./Fig/biochip_arch.pdf_tex
<Fig/biochip_arch.pdf, id=267, 172.39507pt x 142.06137pt>
File: Fig/biochip_arch.pdf Graphic file (type pdf)

<use Fig/biochip_arch.pdf>
Package pdftex.def Info: Fig/biochip_arch.pdf used on input line 52.
(pdftex.def)             Requested size: 172.39505pt x 142.06317pt.
) [3 <./Fig/biochip_synthesis.pdf>] [4 <./Fig/biochip_arch.pdf>] [5] (./prj_pub
.tex
Overfull \hbox (2.66235pt too wide) detected at line 60
\T1/lhv/m/n/10.4 10.  
 []


Package easylist Warning: 
==> This counter is to wide and will spread on
==> the item text. You should increase FinalSpace
==> if you use `fixed' or increase the dimension
==> if you specified one. 
==> on input line 60.

)) (./objectives.tex [6] (./Fig/task_relation.pdf_tex
<Fig/task_relation.pdf, id=358, page=1, 220.89786pt x 248.1953pt>
File: Fig/task_relation.pdf Graphic file (type pdf)

<use Fig/task_relation.pdf, page 1>
Package pdftex.def Info: Fig/task_relation.pdf, page1 used on input line 56.
(pdftex.def)             Requested size: 220.89786pt x 248.20226pt.

<Fig/task_relation.pdf, id=359, page=2, 220.89786pt x 248.1953pt>
File: Fig/task_relation.pdf Graphic file (type pdf)

<use Fig/task_relation.pdf, page 2>
Package pdftex.def Info: Fig/task_relation.pdf, page2 used on input line 60.
(pdftex.def)             Requested size: 220.89786pt x 248.20226pt.

<Fig/task_relation.pdf, id=360, page=3, 220.89786pt x 248.1953pt>
File: Fig/task_relation.pdf Graphic file (type pdf)

<use Fig/task_relation.pdf, page 3>
Package pdftex.def Info: Fig/task_relation.pdf, page3 used on input line 63.
(pdftex.def)             Requested size: 220.89786pt x 248.20226pt.

<Fig/task_relation.pdf, id=361, page=4, 220.89786pt x 248.1953pt>
File: Fig/task_relation.pdf Graphic file (type pdf)

<use Fig/task_relation.pdf, page 4>
Package pdftex.def Info: Fig/task_relation.pdf, page4 used on input line 67.
(pdftex.def)             Requested size: 220.89786pt x 248.20226pt.

<Fig/task_relation.pdf, id=362, page=5, 220.89786pt x 248.1953pt>
File: Fig/task_relation.pdf Graphic file (type pdf)

<use Fig/task_relation.pdf, page 5>
Package pdftex.def Info: Fig/task_relation.pdf, page5 used on input line 70.
(pdftex.def)             Requested size: 220.89786pt x 248.20226pt.

<Fig/task_relation.pdf, id=363, page=6, 220.89786pt x 248.1953pt>
File: Fig/task_relation.pdf Graphic file (type pdf)

<use Fig/task_relation.pdf, page 6>
Package pdftex.def Info: Fig/task_relation.pdf, page6 used on input line 75.
(pdftex.def)             Requested size: 220.89786pt x 248.20226pt.

<Fig/task_relation.pdf, id=364, page=7, 220.89786pt x 248.1953pt>
File: Fig/task_relation.pdf Graphic file (type pdf)

<use Fig/task_relation.pdf, page 7>
Package pdftex.def Info: Fig/task_relation.pdf, page7 used on input line 77.
(pdftex.def)             Requested size: 220.89786pt x 248.20226pt.

<Fig/task_relation.pdf, id=365, page=8, 220.89786pt x 248.1953pt>
File: Fig/task_relation.pdf Graphic file (type pdf)

<use Fig/task_relation.pdf, page 8>
Package pdftex.def Info: Fig/task_relation.pdf, page8 used on input line 82.
(pdftex.def)             Requested size: 220.89786pt x 248.20226pt.
) [7 <./Fig/task_relation.pdf> <./Fig/task_relation.pdf

pdfTeX warning: pdflatex (file ./Fig/task_relation.pdf): PDF inclusion: multipl
e pdfs with page group included in a single page
> <./Fig/task_relation.pdf

pdfTeX warning: pdflatex (file ./Fig/task_relation.pdf): PDF inclusion: multipl
e pdfs with page group included in a single page
> <./Fig/task_relation.pdf

pdfTeX warning: pdflatex (file ./Fig/task_relation.pdf): PDF inclusion: multipl
e pdfs with page group included in a single page
> <./Fig/task_relation.pdf

pdfTeX warning: pdflatex (file ./Fig/task_relation.pdf): PDF inclusion: multipl
e pdfs with page group included in a single page
> <./Fig/task_relation.pdf

pdfTeX warning: pdflatex (file ./Fig/task_relation.pdf): PDF inclusion: multipl
e pdfs with page group included in a single page
> <./Fig/task_relation.pdf

pdfTeX warning: pdflatex (file ./Fig/task_relation.pdf): PDF inclusion: multipl
e pdfs with page group included in a single page
> <./Fig/task_relation.pdf

pdfTeX warning: pdflatex (file ./Fig/task_relation.pdf): PDF inclusion: multipl
e pdfs with page group included in a single page
>] (./Fig/schedule_storage_p.pdf_tex
<Fig/schedule_storage_p.pdf, id=377, 270.21411pt x 335.53517pt>
File: Fig/schedule_storage_p.pdf Graphic file (type pdf)

<use Fig/schedule_storage_p.pdf>
Package pdftex.def Info: Fig/schedule_storage_p.pdf used on input line 52.
(pdftex.def)             Requested size: 270.21408pt x 335.56505pt.
)
Overfull \hbox (84.70508pt too wide) in paragraph at lines 94--153
 [][] 
 []

[8 <./Fig/schedule_storage_p.pdf>] (./Fig/switch_grid.pdf_tex
<Fig/switch_grid.pdf, id=409, 157.63173pt x 347.33714pt>
File: Fig/switch_grid.pdf Graphic file (type pdf)

<use Fig/switch_grid.pdf>
Package pdftex.def Info: Fig/switch_grid.pdf used on input line 52.
(pdftex.def)             Requested size: 157.63171pt x 347.34688pt.
) [9] (./Fig/volume_washing.pdf_tex
<Fig/volume_washing.pdf, id=422, 125.19757pt x 153.8335pt>
File: Fig/volume_washing.pdf Graphic file (type pdf)

<use Fig/volume_washing.pdf>
Package pdftex.def Info: Fig/volume_washing.pdf used on input line 52.
(pdftex.def)             Requested size: 125.19756pt x 153.83543pt.
) [10 <./Fig/switch_grid.pdf>]
(./Fig/control_layer.pdf_tex
<Fig/control_layer.pdf, id=443, page=1, 242.15317pt x 219.6697pt>
File: Fig/control_layer.pdf Graphic file (type pdf)

<use Fig/control_layer.pdf, page 1>
Package pdftex.def Info: Fig/control_layer.pdf, page1 used on input line 52.
(pdftex.def)             Requested size: 242.15317pt x 219.6792pt.

<Fig/control_layer.pdf, id=444, page=2, 242.15317pt x 219.6697pt>
File: Fig/control_layer.pdf Graphic file (type pdf)

<use Fig/control_layer.pdf, page 2>
Package pdftex.def Info: Fig/control_layer.pdf, page2 used on input line 57.
(pdftex.def)             Requested size: 242.15317pt x 219.6792pt.

<Fig/control_layer.pdf, id=445, page=3, 242.15317pt x 219.6697pt>
File: Fig/control_layer.pdf Graphic file (type pdf)

<use Fig/control_layer.pdf, page 3>
Package pdftex.def Info: Fig/control_layer.pdf, page3 used on input line 60.
(pdftex.def)             Requested size: 242.15317pt x 219.6792pt.

<Fig/control_layer.pdf, id=446, page=4, 242.15317pt x 219.6697pt>
File: Fig/control_layer.pdf Graphic file (type pdf)

<use Fig/control_layer.pdf, page 4>
Package pdftex.def Info: Fig/control_layer.pdf, page4 used on input line 62.
(pdftex.def)             Requested size: 242.15317pt x 219.6792pt.

<Fig/control_layer.pdf, id=447, page=5, 242.15317pt x 219.6697pt>
File: Fig/control_layer.pdf Graphic file (type pdf)

<use Fig/control_layer.pdf, page 5>
Package pdftex.def Info: Fig/control_layer.pdf, page5 used on input line 67.
(pdftex.def)             Requested size: 242.15317pt x 219.6792pt.

<Fig/control_layer.pdf, id=448, page=6, 242.15317pt x 219.6697pt>
File: Fig/control_layer.pdf Graphic file (type pdf)

<use Fig/control_layer.pdf, page 6>
Package pdftex.def Info: Fig/control_layer.pdf, page6 used on input line 69.
(pdftex.def)             Requested size: 242.15317pt x 219.6792pt.

<Fig/control_layer.pdf, id=449, page=7, 242.15317pt x 219.6697pt>
File: Fig/control_layer.pdf Graphic file (type pdf)

<use Fig/control_layer.pdf, page 7>
Package pdftex.def Info: Fig/control_layer.pdf, page7 used on input line 71.
(pdftex.def)             Requested size: 242.15317pt x 219.6792pt.

<Fig/control_layer.pdf, id=450, page=8, 242.15317pt x 219.6697pt>
File: Fig/control_layer.pdf Graphic file (type pdf)

<use Fig/control_layer.pdf, page 8>
Package pdftex.def Info: Fig/control_layer.pdf, page8 used on input line 73.
(pdftex.def)             Requested size: 242.15317pt x 219.6792pt.

<Fig/control_layer.pdf, id=451, page=9, 242.15317pt x 219.6697pt>
File: Fig/control_layer.pdf Graphic file (type pdf)

<use Fig/control_layer.pdf, page 9>
Package pdftex.def Info: Fig/control_layer.pdf, page9 used on input line 77.
(pdftex.def)             Requested size: 242.15317pt x 219.6792pt.

<Fig/control_layer.pdf, id=452, page=10, 242.15317pt x 219.6697pt>
File: Fig/control_layer.pdf Graphic file (type pdf)

<use Fig/control_layer.pdf, page 10>
Package pdftex.def Info: Fig/control_layer.pdf, page10 used on input line 80.
(pdftex.def)             Requested size: 242.15317pt x 219.6792pt.

<Fig/control_layer.pdf, id=453, page=11, 242.15317pt x 219.6697pt>
File: Fig/control_layer.pdf Graphic file (type pdf)

<use Fig/control_layer.pdf, page 11>
Package pdftex.def Info: Fig/control_layer.pdf, page11 used on input line 82.
(pdftex.def)             Requested size: 242.15317pt x 219.6792pt.

<Fig/control_layer.pdf, id=454, page=12, 242.15317pt x 219.6697pt>
File: Fig/control_layer.pdf Graphic file (type pdf)

<use Fig/control_layer.pdf, page 12>
Package pdftex.def Info: Fig/control_layer.pdf, page12 used on input line 84.
(pdftex.def)             Requested size: 242.15317pt x 219.6792pt.

<Fig/control_layer.pdf, id=455, page=13, 242.15317pt x 219.6697pt>
File: Fig/control_layer.pdf Graphic file (type pdf)

<use Fig/control_layer.pdf, page 13>
Package pdftex.def Info: Fig/control_layer.pdf, page13 used on input line 87.
(pdftex.def)             Requested size: 242.15317pt x 219.6792pt.
)
Overfull \hbox (65.91466pt too wide) in paragraph at lines 88--655
 [][] 
 []

[11 <./Fig/volume_washing.pdf>] (./Fig/macro_syn.pdf_tex
<Fig/macro_syn.pdf, id=468, 204.80103pt x 278.50513pt>
File: Fig/macro_syn.pdf Graphic file (type pdf)
 <use Fig/macro_syn.pdf>
Package pdftex.def Info: Fig/macro_syn.pdf used on input line 52.
(pdftex.def)             Requested size: 204.80101pt x 278.50868pt.
) [12 <./Fig/control_layer.pdf> <./Fig/control_layer.pdf

pdfTeX warning: pdflatex (file ./Fig/control_layer.pdf): PDF inclusion: multipl
e pdfs with page group included in a single page
> <./Fig/control_layer.pdf

pdfTeX warning: pdflatex (file ./Fig/control_layer.pdf): PDF inclusion: multipl
e pdfs with page group included in a single page
> <./Fig/control_layer.pdf

pdfTeX warning: pdflatex (file ./Fig/control_layer.pdf): PDF inclusion: multipl
e pdfs with page group included in a single page
> <./Fig/control_layer.pdf

pdfTeX warning: pdflatex (file ./Fig/control_layer.pdf): PDF inclusion: multipl
e pdfs with page group included in a single page
> <./Fig/control_layer.pdf

pdfTeX warning: pdflatex (file ./Fig/control_layer.pdf): PDF inclusion: multipl
e pdfs with page group included in a single page
> <./Fig/control_layer.pdf

pdfTeX warning: pdflatex (file ./Fig/control_layer.pdf): PDF inclusion: multipl
e pdfs with page group included in a single page
> <./Fig/control_layer.pdf

pdfTeX warning: pdflatex (file ./Fig/control_layer.pdf): PDF inclusion: multipl
e pdfs with page group included in a single page
> <./Fig/control_layer.pdf

pdfTeX warning: pdflatex (file ./Fig/control_layer.pdf): PDF inclusion: multipl
e pdfs with page group included in a single page
> <./Fig/control_layer.pdf

pdfTeX warning: pdflatex (file ./Fig/control_layer.pdf): PDF inclusion: multipl
e pdfs with page group included in a single page
> <./Fig/control_layer.pdf

pdfTeX warning: pdflatex (file ./Fig/control_layer.pdf): PDF inclusion: multipl
e pdfs with page group included in a single page
> <./Fig/control_layer.pdf

pdfTeX warning: pdflatex (file ./Fig/control_layer.pdf): PDF inclusion: multipl
e pdfs with page group included in a single page
> <./Fig/control_layer.pdf

pdfTeX warning: pdflatex (file ./Fig/control_layer.pdf): PDF inclusion: multipl
e pdfs with page group included in a single page
> <./Fig/macro_syn.pdf

pdfTeX warning: pdflatex (file ./Fig/macro_syn.pdf): PDF inclusion: multiple pd
fs with page group included in a single page
>] (./Fig/cyber.pdf_tex <Fig/cyber.pdf, id=482, 222.08495pt x 163.893pt>
File: Fig/cyber.pdf Graphic file (type pdf)

<use Fig/cyber.pdf>
Package pdftex.def Info: Fig/cyber.pdf used on input line 52.
(pdftex.def)             Requested size: 222.08493pt x 163.89758pt.
) (./Fig/work_plan.pdf_tex
<Fig/work_plan.pdf, id=484, page=1, 451.74767pt x 81.35379pt>
File: Fig/work_plan.pdf Graphic file (type pdf)

<use Fig/work_plan.pdf, page 1>
Package pdftex.def Info: Fig/work_plan.pdf, page1 used on input line 52.
(pdftex.def)             Requested size: 451.74763pt x 81.35854pt.

<Fig/work_plan.pdf, id=485, page=2, 451.74767pt x 81.35379pt>
File: Fig/work_plan.pdf Graphic file (type pdf)

<use Fig/work_plan.pdf, page 2>
Package pdftex.def Info: Fig/work_plan.pdf, page2 used on input line 54.
(pdftex.def)             Requested size: 451.74763pt x 81.35854pt.

<Fig/work_plan.pdf, id=486, page=3, 451.74767pt x 81.35379pt>
File: Fig/work_plan.pdf Graphic file (type pdf)

<use Fig/work_plan.pdf, page 3>
Package pdftex.def Info: Fig/work_plan.pdf, page3 used on input line 62.
(pdftex.def)             Requested size: 451.74763pt x 81.35854pt.

<Fig/work_plan.pdf, id=487, page=4, 451.74767pt x 81.35379pt>
File: Fig/work_plan.pdf Graphic file (type pdf)

<use Fig/work_plan.pdf, page 4>
Package pdftex.def Info: Fig/work_plan.pdf, page4 used on input line 64.
(pdftex.def)             Requested size: 451.74763pt x 81.35854pt.

<Fig/work_plan.pdf, id=488, page=5, 451.74767pt x 81.35379pt>
File: Fig/work_plan.pdf Graphic file (type pdf)

<use Fig/work_plan.pdf, page 5>
Package pdftex.def Info: Fig/work_plan.pdf, page5 used on input line 66.
(pdftex.def)             Requested size: 451.74763pt x 81.35854pt.

<Fig/work_plan.pdf, id=489, page=6, 451.74767pt x 81.35379pt>
File: Fig/work_plan.pdf Graphic file (type pdf)

<use Fig/work_plan.pdf, page 6>
Package pdftex.def Info: Fig/work_plan.pdf, page6 used on input line 70.
(pdftex.def)             Requested size: 451.74763pt x 81.35854pt.

<Fig/work_plan.pdf, id=490, page=7, 451.74767pt x 81.35379pt>
File: Fig/work_plan.pdf Graphic file (type pdf)

<use Fig/work_plan.pdf, page 7>
Package pdftex.def Info: Fig/work_plan.pdf, page7 used on input line 79.
(pdftex.def)             Requested size: 451.74763pt x 81.35854pt.

<Fig/work_plan.pdf, id=491, page=8, 451.74767pt x 81.35379pt>
File: Fig/work_plan.pdf Graphic file (type pdf)

<use Fig/work_plan.pdf, page 8>
Package pdftex.def Info: Fig/work_plan.pdf, page8 used on input line 81.
(pdftex.def)             Requested size: 451.74763pt x 81.35854pt.

<Fig/work_plan.pdf, id=492, page=9, 451.74767pt x 81.35379pt>
File: Fig/work_plan.pdf Graphic file (type pdf)

<use Fig/work_plan.pdf, page 9>
Package pdftex.def Info: Fig/work_plan.pdf, page9 used on input line 83.
(pdftex.def)             Requested size: 451.74763pt x 81.35854pt.

<Fig/work_plan.pdf, id=493, page=10, 451.74767pt x 81.35379pt>
File: Fig/work_plan.pdf Graphic file (type pdf)

<use Fig/work_plan.pdf, page 10>
Package pdftex.def Info: Fig/work_plan.pdf, page10 used on input line 85.
(pdftex.def)             Requested size: 451.74763pt x 81.35854pt.

<Fig/work_plan.pdf, id=494, page=11, 451.74767pt x 81.35379pt>
File: Fig/work_plan.pdf Graphic file (type pdf)

<use Fig/work_plan.pdf, page 11>
Package pdftex.def Info: Fig/work_plan.pdf, page11 used on input line 87.
(pdftex.def)             Requested size: 451.74763pt x 81.35854pt.

<Fig/work_plan.pdf, id=495, page=12, 451.74767pt x 81.35379pt>
File: Fig/work_plan.pdf Graphic file (type pdf)

<use Fig/work_plan.pdf, page 12>
Package pdftex.def Info: Fig/work_plan.pdf, page12 used on input line 93.
(pdftex.def)             Requested size: 451.74763pt x 81.35854pt.
) [13 <./Fig/cyber.pdf> <./Fig/work_plan.pdf

pdfTeX warning: pdflatex (file ./Fig/work_plan.pdf): PDF inclusion: multiple pd
fs with page group included in a single page
> <./Fig/work_plan.pdf

pdfTeX warning: pdflatex (file ./Fig/work_plan.pdf): PDF inclusion: multiple pd
fs with page group included in a single page
> <./Fig/work_plan.pdf

pdfTeX warning: pdflatex (file ./Fig/work_plan.pdf): PDF inclusion: multiple pd
fs with page group included in a single page
> <./Fig/work_plan.pdf

pdfTeX warning: pdflatex (file ./Fig/work_plan.pdf): PDF inclusion: multiple pd
fs with page group included in a single page
> <./Fig/work_plan.pdf

pdfTeX warning: pdflatex (file ./Fig/work_plan.pdf): PDF inclusion: multiple pd
fs with page group included in a single page
> <./Fig/work_plan.pdf

pdfTeX warning: pdflatex (file ./Fig/work_plan.pdf): PDF inclusion: multiple pd
fs with page group included in a single page
> <./Fig/work_plan.pdf

pdfTeX warning: pdflatex (file ./Fig/work_plan.pdf): PDF inclusion: multiple pd
fs with page group included in a single page
> <./Fig/work_plan.pdf

pdfTeX warning: pdflatex (file ./Fig/work_plan.pdf): PDF inclusion: multiple pd
fs with page group included in a single page
> <./Fig/work_plan.pdf

pdfTeX warning: pdflatex (file ./Fig/work_plan.pdf): PDF inclusion: multiple pd
fs with page group included in a single page
> <./Fig/work_plan.pdf

pdfTeX warning: pdflatex (file ./Fig/work_plan.pdf): PDF inclusion: multiple pd
fs with page group included in a single page
> <./Fig/work_plan.pdf

pdfTeX warning: pdflatex (file ./Fig/work_plan.pdf): PDF inclusion: multiple pd
fs with page group included in a single page
> <./Fig/work_plan.pdf

pdfTeX warning: pdflatex (file ./Fig/work_plan.pdf): PDF inclusion: multiple pd
fs with page group included in a single page
>] [14]
LaTeX Font Info:    Try loading font information for T1+cmtt on input line 1138
.
 (/usr/share/texlive/texmf-dist/tex/latex/base/t1cmtt.fd
File: t1cmtt.fd 2014/09/29 v2.5h Standard LaTeX font definitions
) [15])
(./biochip_syn_proposal_revised_v7.bbl [16] [17]) (./funding_requirements.tex
[18] [19]) 
AED: lastpage setting LastPage
[20]
Package atveryend Info: Empty hook `BeforeClearDocument' on input line 123.
Package atveryend Info: Empty hook `AfterLastShipout' on input line 123.
 (./biochip_syn_proposal_revised_v7.aux)
Package atveryend Info: Executing hook `AtVeryEndDocument' on input line 123.
Package atveryend Info: Executing hook `AtEndAfterFileList' on input line 123.
Package rerunfilecheck Info: File `biochip_syn_proposal_revised_v7.out' has not
 changed.
(rerunfilecheck)             Checksum: 514713100CC97B59E1015F6A4C0682D0;3993.
 ) 
Here is how much of TeX's memory you used:
 19393 strings out of 494945
 360621 string characters out of 6181032
 436748 words of memory out of 5000000
 22327 multiletter control sequences out of 15000+600000
 18958 words of font info for 70 fonts, out of 8000000 for 9000
 14 hyphenation exceptions out of 8191
 36i,14n,43p,10382b,863s stack positions out of 5000i,500n,10000p,200000b,80000s
 </home/gi26lok/.texlive2016/texmf-var/fonts/pk/ljfour/jknappen/ec/ectt1000.6
00pk>{/usr/local/share/texmf/fonts/enc/dvips/tumhelv/T1-WGL4.enc}</usr/local/sh
are/texmf/fonts/truetype/linotype/tumhelv/lhvi8.ttf></usr/local/share/texmf/fon
ts/truetype/linotype/tumhelv/lhvb8.ttf></usr/local/share/texmf/fonts/truetype/l
inotype/tumhelv/lhvr8.ttf></usr/share/texlive/texmf-dist/fonts/type1/public/ams
fonts/cm/cmex10.pfb></usr/share/texlive/texmf-dist/fonts/type1/public/amsfonts/
cmextra/cmex7.pfb></usr/share/texlive/texmf-dist/fonts/type1/public/amsfonts/cm
/cmmi10.pfb></usr/share/texlive/texmf-dist/fonts/type1/public/amsfonts/cm/cmmi5
.pfb></usr/share/texlive/texmf-dist/fonts/type1/public/amsfonts/cm/cmmi6.pfb></
usr/share/texlive/texmf-dist/fonts/type1/public/amsfonts/cm/cmmi7.pfb></usr/sha
re/texlive/texmf-dist/fonts/type1/public/amsfonts/cm/cmmi8.pfb></usr/share/texl
ive/texmf-dist/fonts/type1/public/amsfonts/cm/cmr10.pfb></usr/share/texlive/tex
mf-dist/fonts/type1/public/amsfonts/cm/cmr6.pfb></usr/share/texlive/texmf-dist/
fonts/type1/public/amsfonts/cm/cmr7.pfb></usr/share/texlive/texmf-dist/fonts/ty
pe1/public/amsfonts/cm/cmsy10.pfb></usr/share/texlive/texmf-dist/fonts/type1/pu
blic/amsfonts/cm/cmsy6.pfb></usr/share/texlive/texmf-dist/fonts/type1/public/am
sfonts/cm/cmsy7.pfb></usr/share/texlive/texmf-dist/fonts/type1/public/amsfonts/
cm/cmsy8.pfb></usr/share/texlive/texmf-dist/fonts/type1/public/eurosym/feybr10.
pfb></usr/share/texlive/texmf-dist/fonts/type1/public/eurosym/feymr10.pfb></usr
/share/texlive/texmf-dist/fonts/type1/public/amsfonts/latxfont/lasy6.pfb>
Output written on biochip_syn_proposal_revised_v7.pdf (20 pages, 2819465 bytes)
.
PDF statistics:
 695 PDF objects out of 1000 (max. 8388607)
 570 compressed objects within 6 object streams
 131 named destinations out of 1000 (max. 500000)
 571 words of extra memory for PDF output out of 10000 (max. 10000000)

