This is pdfTeX, Version 3.14159265-2.6-1.40.16 (TeX Live 2015/Debian) (preloaded format=pdflatex 2018.9.7)  11 OCT 2018 14:00
entering extended mode
 restricted \write18 enabled.
 %&-line parsing enabled.
**structure.tex
(./structure.tex
LaTeX2e <2016/02/01>
Babel <3.9q> and hyphenation patterns for 10 language(s) loaded.
(/usr/share/texlive/texmf-dist/tex/latex/base/article.cls
Document Class: article 2014/09/29 v1.4h Standard LaTeX document class
(/usr/share/texlive/texmf-dist/tex/latex/base/size10.clo
File: size10.clo 2014/09/29 v1.4h Standard LaTeX file (size option)
)
\c@part=\count79
\c@section=\count80
\c@subsection=\count81
\c@subsubsection=\count82
\c@paragraph=\count83
\c@subparagraph=\count84
\c@figure=\count85
\c@table=\count86
\abovecaptionskip=\skip41
\belowcaptionskip=\skip42
\bibindent=\dimen102
) (./structure.aux)
\openout1 = `structure.aux'.

LaTeX Font Info:    Checking defaults for OML/cmm/m/it on input line 3.
LaTeX Font Info:    ... okay on input line 3.
LaTeX Font Info:    Checking defaults for T1/cmr/m/n on input line 3.
LaTeX Font Info:    ... okay on input line 3.
LaTeX Font Info:    Checking defaults for OT1/cmr/m/n on input line 3.
LaTeX Font Info:    ... okay on input line 3.
LaTeX Font Info:    Checking defaults for OMS/cmsy/m/n on input line 3.
LaTeX Font Info:    ... okay on input line 3.
LaTeX Font Info:    Checking defaults for OMX/cmex/m/n on input line 3.
LaTeX Font Info:    ... okay on input line 3.
LaTeX Font Info:    Checking defaults for U/cmr/m/n on input line 3.
LaTeX Font Info:    ... okay on input line 3.

(./structure.toc
LaTeX Font Info:    External font `cmex10' loaded for size
(Font)              <7> on input line 3.
LaTeX Font Info:    External font `cmex10' loaded for size
(Font)              <5> on input line 3.
)
\tf@toc=\write3
\openout3 = `structure.toc'.

 [1

{/var/lib/texmf/fonts/map/pdftex/updmap/pdftex.map}]
Overfull \hbox (34.20456pt too wide) in paragraph at lines 17--17
[]\OT1/cmr/bx/n/14.4 State of the art: De-sign au-toma-tion for continuous-
 []


Overfull \hbox (25.79121pt too wide) in paragraph at lines 21--21
[]\OT1/cmr/bx/n/14.4 Synthesis and design-for-testability of continuous-
 []


Overfull \hbox (19.46953pt too wide) in paragraph at lines 21--21
\OT1/cmr/bx/n/14.4 flow mi-croflu-idic biochips us-ing dis-tributed chan-
 []


Overfull \hbox (16.3792pt too wide) in paragraph at lines 22--22
[]\OT1/cmr/bx/n/12 Dedicated stor-age of continuous-flow mi-croflu-idic biochip
 
 []


Overfull \hbox (14.75977pt too wide) in paragraph at lines 25--25
[]\OT1/cmr/bx/n/12 Synthesizing mi-croflu-idic biochips with dis-tributed chan-

 []


Overfull \hbox (4.11949pt too wide) in paragraph at lines 26--26
[]\OT1/cmr/bx/n/12 Compact phys-i-cal de-sign with dis-tributed chan-nel stor-
 []


Overfull \vbox (291.95773pt too high) has occurred while \output is active []


[2] (./structure.aux) ) 
Here is how much of TeX's memory you used:
 215 strings out of 494860
 2333 string characters out of 6177603
 53816 words of memory out of 5000000
 3603 multiletter control sequences out of 15000+600000
 5158 words of font info for 19 fonts, out of 8000000 for 9000
 36 hyphenation exceptions out of 8191
 23i,4n,18p,210b,109s stack positions out of 5000i,500n,10000p,200000b,80000s
</usr/share/texlive/texmf-dist/fonts/type1/public/amsfon
ts/cm/cmbx10.pfb></usr/share/texlive/texmf-dist/fonts/type1/public/amsfonts/cm/
cmbx12.pfb></usr/share/texlive/texmf-dist/fonts/type1/public/amsfonts/cm/cmr10.
pfb>
Output written on structure.pdf (2 pages, 53954 bytes).
PDF statistics:
 23 PDF objects out of 1000 (max. 8388607)
 15 compressed objects within 1 object stream
 0 named destinations out of 1000 (max. 500000)
 1 words of extra memory for PDF output out of 10000 (max. 10000000)

