This is pdfTeX, Version 3.1415926-2.3-1.40.12 (MiKTeX 2.9) (preloaded format=pdflatex 2019.7.25)  4 AUG 2019 10:29
entering extended mode
**DCSA.tex
("C:\文档\我的论文\已投稿\DCSA-Flow path-TCAD\DCSA.tex"
LaTeX2e <2011/06/27>
Babel <v3.8m> and hyphenation patterns for loaded.
("C:\文档\我的论文\已投稿\DCSA-Flow path-TCAD\IEEEtran.cls"
Document Class: IEEEtran 2015/08/26 V1.8b by Michael Shell
-- See the "IEEEtran_HOWTO" manual for usage information.
-- http://www.michaelshell.org/tex/ieeetran/
\@IEEEtrantmpdimenA=\dimen102
\@IEEEtrantmpdimenB=\dimen103
\@IEEEtrantmpdimenC=\dimen104
\@IEEEtrantmpcountA=\count79
\@IEEEtrantmpcountB=\count80
\@IEEEtrantmpcountC=\count81
\@IEEEtrantmptoksA=\toks14
LaTeX Font Info:    Try loading font information for OT1+ptm on input line 503.

("C:\Program Files (x86)\CTEX\MiKTeX\tex\latex\psnfss\ot1ptm.fd"
File: ot1ptm.fd 2001/06/04 font definitions for OT1/ptm.
)
-- Using 8.5in x 11in (letter) paper.
-- Using PDF output.
\@IEEEnormalsizeunitybaselineskip=\dimen105
-- This is a 10 point document.
\CLASSINFOnormalsizebaselineskip=\dimen106
\CLASSINFOnormalsizeunitybaselineskip=\dimen107
\IEEEnormaljot=\dimen108
LaTeX Font Info:    Font shape `OT1/ptm/bx/n' in size <5> not available
(Font)              Font shape `OT1/ptm/b/n' tried instead on input line 1090.
LaTeX Font Info:    Font shape `OT1/ptm/bx/it' in size <5> not available
(Font)              Font shape `OT1/ptm/b/it' tried instead on input line 1090.

LaTeX Font Info:    Font shape `OT1/ptm/bx/n' in size <7> not available
(Font)              Font shape `OT1/ptm/b/n' tried instead on input line 1090.
LaTeX Font Info:    Font shape `OT1/ptm/bx/it' in size <7> not available
(Font)              Font shape `OT1/ptm/b/it' tried instead on input line 1090.

LaTeX Font Info:    Font shape `OT1/ptm/bx/n' in size <8> not available
(Font)              Font shape `OT1/ptm/b/n' tried instead on input line 1090.
LaTeX Font Info:    Font shape `OT1/ptm/bx/it' in size <8> not available
(Font)              Font shape `OT1/ptm/b/it' tried instead on input line 1090.

LaTeX Font Info:    Font shape `OT1/ptm/bx/n' in size <9> not available
(Font)              Font shape `OT1/ptm/b/n' tried instead on input line 1090.
LaTeX Font Info:    Font shape `OT1/ptm/bx/it' in size <9> not available
(Font)              Font shape `OT1/ptm/b/it' tried instead on input line 1090.

LaTeX Font Info:    Font shape `OT1/ptm/bx/n' in size <10> not available
(Font)              Font shape `OT1/ptm/b/n' tried instead on input line 1090.
LaTeX Font Info:    Font shape `OT1/ptm/bx/it' in size <10> not available
(Font)              Font shape `OT1/ptm/b/it' tried instead on input line 1090.

LaTeX Font Info:    Font shape `OT1/ptm/bx/n' in size <11> not available
(Font)              Font shape `OT1/ptm/b/n' tried instead on input line 1090.
LaTeX Font Info:    Font shape `OT1/ptm/bx/it' in size <11> not available
(Font)              Font shape `OT1/ptm/b/it' tried instead on input line 1090.

LaTeX Font Info:    Font shape `OT1/ptm/bx/n' in size <12> not available
(Font)              Font shape `OT1/ptm/b/n' tried instead on input line 1090.
LaTeX Font Info:    Font shape `OT1/ptm/bx/it' in size <12> not available
(Font)              Font shape `OT1/ptm/b/it' tried instead on input line 1090.

LaTeX Font Info:    Font shape `OT1/ptm/bx/n' in size <17> not available
(Font)              Font shape `OT1/ptm/b/n' tried instead on input line 1090.
LaTeX Font Info:    Font shape `OT1/ptm/bx/it' in size <17> not available
(Font)              Font shape `OT1/ptm/b/it' tried instead on input line 1090.

LaTeX Font Info:    Font shape `OT1/ptm/bx/n' in size <20> not available
(Font)              Font shape `OT1/ptm/b/n' tried instead on input line 1090.
LaTeX Font Info:    Font shape `OT1/ptm/bx/it' in size <20> not available
(Font)              Font shape `OT1/ptm/b/it' tried instead on input line 1090.

LaTeX Font Info:    Font shape `OT1/ptm/bx/n' in size <24> not available
(Font)              Font shape `OT1/ptm/b/n' tried instead on input line 1090.
LaTeX Font Info:    Font shape `OT1/ptm/bx/it' in size <24> not available
(Font)              Font shape `OT1/ptm/b/it' tried instead on input line 1090.

\IEEEquantizedlength=\dimen109
\IEEEquantizedlengthdiff=\dimen110
\IEEEquantizedtextheightdiff=\dimen111
\IEEEilabelindentA=\dimen112
\IEEEilabelindentB=\dimen113
\IEEEilabelindent=\dimen114
\IEEEelabelindent=\dimen115
\IEEEdlabelindent=\dimen116
\IEEElabelindent=\dimen117
\IEEEiednormlabelsep=\dimen118
\IEEEiedmathlabelsep=\dimen119
\IEEEiedtopsep=\skip41
\c@section=\count82
\c@subsection=\count83
\c@subsubsection=\count84
\c@paragraph=\count85
\c@IEEEsubequation=\count86
\abovecaptionskip=\skip42
\belowcaptionskip=\skip43
\c@figure=\count87
\c@table=\count88
\@IEEEeqnnumcols=\count89
\@IEEEeqncolcnt=\count90
\@IEEEsubeqnnumrollback=\count91
\@IEEEquantizeheightA=\dimen120
\@IEEEquantizeheightB=\dimen121
\@IEEEquantizeheightC=\dimen122
\@IEEEquantizeprevdepth=\dimen123
\@IEEEquantizemultiple=\count92
\@IEEEquantizeboxA=\box26
\@IEEEtmpitemindent=\dimen124
\IEEEPARstartletwidth=\dimen125
\c@IEEEbiography=\count93
\@IEEEtranrubishbin=\box27
) ("C:\Program Files (x86)\CTEX\MiKTeX\tex\latex\graphics\color.sty"
Package: color 2005/11/14 v1.0j Standard LaTeX Color (DPC)

("C:\Program Files (x86)\CTEX\MiKTeX\tex\latex\00miktex\color.cfg"
File: color.cfg 2007/01/18 v1.5 color configuration of teTeX/TeXLive
)
Package color Info: Driver file: pdftex.def on input line 130.

("C:\Program Files (x86)\CTEX\MiKTeX\tex\latex\pdftex-def\pdftex.def"
File: pdftex.def 2011/05/27 v0.06d Graphics/color for pdfTeX

("C:\Program Files (x86)\CTEX\MiKTeX\tex\generic\oberdiek\infwarerr.sty"
Package: infwarerr 2010/04/08 v1.3 Providing info/warning/message (HO)
)
("C:\Program Files (x86)\CTEX\MiKTeX\tex\generic\oberdiek\ltxcmds.sty"
Package: ltxcmds 2011/04/18 v1.20 LaTeX kernel commands for general use (HO)
)
\Gread@gobject=\count94
))
("C:\Program Files (x86)\CTEX\MiKTeX\tex\latex\amsfonts\amssymb.sty"
Package: amssymb 2009/06/22 v3.00

("C:\Program Files (x86)\CTEX\MiKTeX\tex\latex\amsfonts\amsfonts.sty"
Package: amsfonts 2009/06/22 v3.00 Basic AMSFonts support
\@emptytoks=\toks15
\symAMSa=\mathgroup4
\symAMSb=\mathgroup5
LaTeX Font Info:    Overwriting math alphabet `\mathfrak' in version `bold'
(Font)                  U/euf/m/n --> U/euf/b/n on input line 96.
))
("C:\Program Files (x86)\CTEX\MiKTeX\tex\latex\ams\math\amsmath.sty"
Package: amsmath 2000/07/18 v2.13 AMS math features
\@mathmargin=\skip44

For additional information on amsmath, use the `?' option.
("C:\Program Files (x86)\CTEX\MiKTeX\tex\latex\ams\math\amstext.sty"
Package: amstext 2000/06/29 v2.01

("C:\Program Files (x86)\CTEX\MiKTeX\tex\latex\ams\math\amsgen.sty"
File: amsgen.sty 1999/11/30 v2.0
\@emptytoks=\toks16
\ex@=\dimen126
))
("C:\Program Files (x86)\CTEX\MiKTeX\tex\latex\ams\math\amsbsy.sty"
Package: amsbsy 1999/11/29 v1.2d
\pmbraise@=\dimen127
)
("C:\Program Files (x86)\CTEX\MiKTeX\tex\latex\ams\math\amsopn.sty"
Package: amsopn 1999/12/14 v2.01 operator names
)
\inf@bad=\count95
LaTeX Info: Redefining \frac on input line 211.
\uproot@=\count96
\leftroot@=\count97
LaTeX Info: Redefining \overline on input line 307.
\classnum@=\count98
\DOTSCASE@=\count99
LaTeX Info: Redefining \ldots on input line 379.
LaTeX Info: Redefining \dots on input line 382.
LaTeX Info: Redefining \cdots on input line 467.
\Mathstrutbox@=\box28
\strutbox@=\box29
\big@size=\dimen128
LaTeX Font Info:    Redeclaring font encoding OML on input line 567.
LaTeX Font Info:    Redeclaring font encoding OMS on input line 568.
\macc@depth=\count100
\c@MaxMatrixCols=\count101
\dotsspace@=\muskip10
\c@parentequation=\count102
\dspbrk@lvl=\count103
\tag@help=\toks17
\row@=\count104
\column@=\count105
\maxfields@=\count106
\andhelp@=\toks18
\eqnshift@=\dimen129
\alignsep@=\dimen130
\tagshift@=\dimen131
\tagwidth@=\dimen132
\totwidth@=\dimen133
\lineht@=\dimen134
\@envbody=\toks19
\multlinegap=\skip45
\multlinetaggap=\skip46
\mathdisplay@stack=\toks20
LaTeX Info: Redefining \[ on input line 2666.
LaTeX Info: Redefining \] on input line 2667.
)
("C:\Program Files (x86)\CTEX\MiKTeX\tex\latex\easylist\easylist.sty"
Package: easylist 2010/02/28 v.1.3 Numbered items with a single command.
\el@CounterTotal=\count107
\el@Scratch=\count108
\el@ControlCounter=\count109
\el@CounterLevel=\count110
\c@List1=\count111
\c@List2=\count112
\c@List3=\count113
\c@List4=\count114
\c@List5=\count115
\c@List6=\count116
\c@List7=\count117
\c@List8=\count118
\c@List9=\count119
\c@List10=\count120
\el@ProgressiveDimension=\dimen135
\el@CounterBox=\box30
\el@ControlBox=\box31
\el@TotalMargin=\dimen136
\el@LeftMove=\dimen137
)
("C:\Program Files (x86)\CTEX\MiKTeX\tex\latex\siunitx\siunitx.sty"
("C:\Program Files (x86)\CTEX\MiKTeX\tex\latex\l3kernel\expl3.sty"
("C:\Program Files (x86)\CTEX\MiKTeX\tex\latex\l3kernel\l3names.sty"
("C:\Program Files (x86)\CTEX\MiKTeX\tex\latex\l3kernel\l3bootstrap.sty"
Package: l3bootstrap 2011/12/29 v3110 L3 Experimental bootstrap code
)
Package: l3names 2011/12/30 v3113 L3 Experimental namespace for primitives
)
("C:\Program Files (x86)\CTEX\MiKTeX\tex\latex\misc\etex.sty"
Package: etex 1998/03/26 v2.0 eTeX basic definition package (PEB)
\et@xins=\count121
)
Package: expl3 2012/02/26 v3471 L3 Experimental code bundle wrapper

("C:\Program Files (x86)\CTEX\MiKTeX\tex\latex\graphics\graphics.sty"
Package: graphics 2009/02/05 v1.0o Standard LaTeX Graphics (DPC,SPQR)

("C:\Program Files (x86)\CTEX\MiKTeX\tex\latex\graphics\trig.sty"
Package: trig 1999/03/16 v1.09 sin cos tan (DPC)
)
("C:\Program Files (x86)\CTEX\MiKTeX\tex\latex\00miktex\graphics.cfg"
File: graphics.cfg 2007/01/18 v1.5 graphics configuration of teTeX/TeXLive
)
Package graphics Info: Driver file: pdftex.def on input line 91.
)
("C:\Program Files (x86)\CTEX\MiKTeX\tex\latex\l3kernel\l3basics.sty"
Package: l3basics 2012/02/26 v3460 L3 Experimental basic definitions
)
("C:\Program Files (x86)\CTEX\MiKTeX\tex\latex\l3kernel\l3expan.sty"
Package: l3expan 2012/02/26 v3460 L3 Experimental argument expansion
)
("C:\Program Files (x86)\CTEX\MiKTeX\tex\latex\l3kernel\l3tl.sty"
Package: l3tl 2012/02/26 v3460 L3 Experimental token lists
)
("C:\Program Files (x86)\CTEX\MiKTeX\tex\latex\l3kernel\l3seq.sty"
Package: l3seq 2012/01/09 v3158 L3 Experimental sequences and stacks
)
("C:\Program Files (x86)\CTEX\MiKTeX\tex\latex\l3kernel\l3int.sty"
Package: l3int 2012/02/26 v3460 L3 Experimental integers
\c_max_int=\count122
\l_tmpa_int=\count123
\l_tmpb_int=\count124
\l_tmpc_int=\count125
\g_tmpa_int=\count126
\g_tmpb_int=\count127
)
("C:\Program Files (x86)\CTEX\MiKTeX\tex\latex\l3kernel\l3quark.sty"
Package: l3quark 2012/02/12 v3384 L3 Experimental quarks
)
("C:\Program Files (x86)\CTEX\MiKTeX\tex\latex\l3kernel\l3prg.sty"
Package: l3prg 2012/02/26 v3464 L3 Experimental control structures
\g_prg_map_int=\count128
)
("C:\Program Files (x86)\CTEX\MiKTeX\tex\latex\l3kernel\l3clist.sty"
Package: l3clist 2012/02/26 v3460 L3 Experimental comma separated lists
)
("C:\Program Files (x86)\CTEX\MiKTeX\tex\latex\l3kernel\l3token.sty"
Package: l3token 2012/02/26 v3460 L3 Experimental token manipulation
)
("C:\Program Files (x86)\CTEX\MiKTeX\tex\latex\l3kernel\l3prop.sty"
Package: l3prop 2012/02/26 v3460 L3 Experimental property lists
)
("C:\Program Files (x86)\CTEX\MiKTeX\tex\latex\l3kernel\l3msg.sty"
Package: l3msg 2012/02/26 v3470 L3 Experimental messages
)
("C:\Program Files (x86)\CTEX\MiKTeX\tex\latex\l3kernel\l3file.sty"
Package: l3file 2012/02/26 v3464 L3 Experimental file and I/O operations
\l_iow_stream_int=\count129
\l_iow_line_length_int=\count130
\l_iow_target_length_int=\count131
\l_iow_current_line_int=\count132
\l_iow_current_word_int=\count133
\l_iow_current_indentation_int=\count134
)
("C:\Program Files (x86)\CTEX\MiKTeX\tex\latex\l3kernel\l3skip.sty"
Package: l3skip 2012/02/26 v3460 L3 Experimental dimensions and skips
\l_tmpa_dim=\dimen138
\l_tmpb_dim=\dimen139
\l_tmpc_dim=\dimen140
\g_tmpa_dim=\dimen141
\g_tmpb_dim=\dimen142
\l_tmpa_skip=\skip47
\l_tmpb_skip=\skip48
\l_tmpc_skip=\skip49
\g_tmpa_skip=\skip50
\g_tmpb_skip=\skip51
)
("C:\Program Files (x86)\CTEX\MiKTeX\tex\latex\l3kernel\l3keys.sty"
Package: l3keys 2011/12/22 v3086 L3 Experimental key-value interfaces
\g_keyval_level_int=\count135
\l_keys_choice_int=\count136
)
("C:\Program Files (x86)\CTEX\MiKTeX\tex\latex\l3kernel\l3fp.sty"
Package: l3fp 2012/02/06 v3315 L3 Experimental floating-point operations
\c_one_million=\count137
\c_one_hundred_million=\count138
\c_five_hundred_million=\count139
\c_one_thousand_million=\count140
\c_fp_pi_by_four_decimal_int=\count141
\c_fp_pi_by_four_extended_int=\count142
\c_fp_pi_decimal_int=\count143
\c_fp_pi_extended_int=\count144
\c_fp_two_pi_decimal_int=\count145
\c_fp_two_pi_extended_int=\count146
\l_fp_count_int=\count147
\l_fp_div_offset_int=\count148
\l_fp_exp_integer_int=\count149
\l_fp_exp_decimal_int=\count150
\l_fp_exp_extended_int=\count151
\l_fp_exp_exponent_int=\count152
\l_fp_input_a_sign_int=\count153
\l_fp_input_a_integer_int=\count154
\l_fp_input_a_decimal_int=\count155
\l_fp_input_a_exponent_int=\count156
\l_fp_input_b_sign_int=\count157
\l_fp_input_b_integer_int=\count158
\l_fp_input_b_decimal_int=\count159
\l_fp_input_b_exponent_int=\count160
\l_fp_input_a_extended_int=\count161
\l_fp_input_b_extended_int=\count162
\l_fp_mul_a_i_int=\count163
\l_fp_mul_a_ii_int=\count164
\l_fp_mul_a_iii_int=\count165
\l_fp_mul_a_iv_int=\count166
\l_fp_mul_a_v_int=\count167
\l_fp_mul_a_vi_int=\count168
\l_fp_mul_b_i_int=\count169
\l_fp_mul_b_ii_int=\count170
\l_fp_mul_b_iii_int=\count171
\l_fp_mul_b_iv_int=\count172
\l_fp_mul_b_v_int=\count173
\l_fp_mul_b_vi_int=\count174
\l_fp_mul_output_int=\count175
\l_fp_output_sign_int=\count176
\l_fp_output_integer_int=\count177
\l_fp_output_decimal_int=\count178
\l_fp_output_exponent_int=\count179
\l_fp_output_extended_int=\count180
\l_fp_round_position_int=\count181
\l_fp_round_target_int=\count182
\l_fp_split_sign_int=\count183
\l_fp_internal_int=\count184
\l_fp_trig_octant_int=\count185
\l_fp_trig_sign_int=\count186
\l_fp_trig_decimal_int=\count187
\l_fp_trig_extended_int=\count188
\l_fp_internal_dim=\dimen143
\l_fp_internal_skip=\skip52
)
("C:\Program Files (x86)\CTEX\MiKTeX\tex\latex\l3kernel\l3box.sty"
Package: l3box 2012/02/18 v3432 L3 Experimental boxes
\l_tmpb_box=\box32
\l_box_top_dim=\dimen144
\l_box_bottom_dim=\dimen145
\l_box_left_dim=\dimen146
\l_box_right_dim=\dimen147
\l_box_top_new_dim=\dimen148
\l_box_bottom_new_dim=\dimen149
\l_box_left_new_dim=\dimen150
\l_box_right_new_dim=\dimen151
\l_box_internal_box=\box33
)
("C:\Program Files (x86)\CTEX\MiKTeX\tex\latex\l3kernel\l3coffins.sty"
Package: l3coffins 2012/02/26 v3460 L3 Experimental coffin code layer
\l_coffin_internal_box=\box34
\l_coffin_internal_dim=\dimen152
\l_coffin_offset_x_dim=\dimen153
\l_coffin_offset_y_dim=\dimen154
\l_coffin_x_dim=\dimen155
\l_coffin_y_dim=\dimen156
\l_coffin_x_prime_dim=\dimen157
\l_coffin_y_prime_dim=\dimen158
\l_coffin_Depth_dim=\dimen159
\l_coffin_Height_dim=\dimen160
\l_coffin_TotalHeight_dim=\dimen161
\l_coffin_Width_dim=\dimen162
\c_empty_coffin=\box35
\l_coffin_aligned_coffin=\box36
\l_coffin_aligned_internal_coffin=\box37
\l_coffin_bounding_shift_dim=\dimen163
\l_coffin_left_corner_dim=\dimen164
\l_coffin_right_corner_dim=\dimen165
\l_coffin_bottom_corner_dim=\dimen166
\l_coffin_top_corner_dim=\dimen167
\l_coffin_scaled_total_height_dim=\dimen168
\l_coffin_scaled_width_dim=\dimen169
\l_coffin_display_coffin=\box38
\l_coffin_display_coord_coffin=\box39
\l_coffin_display_pole_coffin=\box40
\l_coffin_display_offset_dim=\dimen170
\l_coffin_display_x_dim=\dimen171
\l_coffin_display_y_dim=\dimen172
)
("C:\Program Files (x86)\CTEX\MiKTeX\tex\latex\l3kernel\l3color.sty"
Package: l3color 2011/09/07 v2776 L3 Experimental colour support
)
("C:\Program Files (x86)\CTEX\MiKTeX\tex\latex\l3kernel\l3luatex.sty"
Package: l3luatex 2012/02/09 v3355 L3 Experimental LuaTeX-specific functions
\g_cctab_allocate_int=\count189
\g_cctab_stack_int=\count190
))
Package: siunitx 2012/01/26 v2.4j A comprehensive (SI) units package

("C:\Program Files (x86)\CTEX\MiKTeX\tex\latex\tools\array.sty"
Package: array 2008/09/09 v2.4c Tabular extension package (FMi)
\col@sep=\dimen173
\extrarowheight=\dimen174
\NC@list=\toks21
\extratabsurround=\skip53
\backup@length=\skip54
)
("C:\Program Files (x86)\CTEX\MiKTeX\tex\latex\l3packages\l3keys2e\l3keys2e.sty
" ("C:\Program Files (x86)\CTEX\MiKTeX\tex\latex\l3packages\xparse\xparse.sty"
Package: xparse 2012/02/26 v3471 L3 Experimental document command parser
\l_xparse_current_arg_int=\count191
\l_xparse_m_args_int=\count192
\l_xparse_mandatory_args_int=\count193
\l_xparse_processor_int=\count194
\l_xparse_v_nesting_int=\count195
)
Package: l3keys2e 2012/02/26 v3471 LaTeX2e option processing using LaTeX3 keys
)
\l_siunitx_tmp_box=\box41
\l_siunitx_tmp_dim=\dimen175
\l_siunitx_tmp_int=\count196
Variant \prop_get:NVNT already defined; not changing it on line 363
Variant \prop_get:NVNF already defined; not changing it on line 364
Variant \prop_get:NVNTF already defined; not changing it on line 365
\l_siunitx_number_mantissa_length_int=\count197
\l_siunitx_number_uncert_length_int=\count198
\l_siunitx_round_int=\count199
\l_siunitx_process_decimal_int=\count200
\l_siunitx_process_uncertainty_int=\count201
Normal \count register pool exhausted, switching to extended pool.
\l_siunitx_process_fixed_int=\count277
\l_siunitx_process_integer_min_int=\count278
\l_siunitx_process_precision_int=\count279
\l_siunitx_group_min_int=\count280
\l_siunitx_angle_marker_box=\box42
\l_siunitx_angle_unit_box=\box43
\l_siunitx_angle_marker_dim=\dimen176
\l_siunitx_angle_unit_dim=\dimen177
\l_siunitx_unit_int=\count281
\l_siunitx_unit_denominator_int=\count282
\l_siunitx_unit_numerator_int=\count283
\l_siunitx_unit_prefix_int=\count284
\l_siunitx_unit_prefix_base_int=\count285
\l_siunitx_unit_prefix_gram_int=\count286
\l_siunitx_number_product_int=\count287
\c_siunitx_one_fill_skip=\skip55
\l_siunitx_table_unit_align_skip=\skip56
\l_siunitx_table_exponent_dim=\dimen178
\l_siunitx_table_integer_dim=\dimen179
\l_siunitx_table_mantissa_dim=\dimen180
\l_siunitx_table_marker_dim=\dimen181
\l_siunitx_table_result_dim=\dimen182
\l_siunitx_table_uncert_dim=\dimen183
\l_siunitx_table_fill_pre_dim=\dimen184
\l_siunitx_table_fill_post_dim=\dimen185
\l_siunitx_table_fill_mid_dim=\dimen186
\l_siunitx_table_pre_box=\box44
\l_siunitx_table_post_box=\box45
\l_siunitx_table_mantissa_box=\box46
\l_siunitx_table_result_box=\box47
\l_siunitx_table_number_align_skip=\skip57
\l_siunitx_table_text_align_skip=\skip58
.................................................
. LaTeX info: "xparse/define-command"
. 
. Defining document command \DeclareBinaryPrefix with arg. spec. 'mmm' on line
. 6955.
.................................................
.................................................
. LaTeX info: "xparse/define-command"
. 
. Defining document command \DeclareSIPostPower with arg. spec. 'mm' on line
. 6958.
.................................................
.................................................
. LaTeX info: "xparse/define-command"
. 
. Defining document command \DeclareSIPrefix with arg. spec. 'mmm' on line
. 6961.
.................................................
.................................................
. LaTeX info: "xparse/define-command"
. 
. Defining document command \DeclareSIPrePower with arg. spec. 'mm' on line
. 6964.
.................................................
.................................................
. LaTeX info: "xparse/define-command"
. 
. Defining document command \DeclareSIQualifier with arg. spec. 'mm' on line
. 6967.
.................................................
.................................................
. LaTeX info: "xparse/define-command"
. 
. Defining document command \DeclareSIUnit with arg. spec. 'O{}mm' on line
. 6970.
.................................................
.................................................
. LaTeX info: "xparse/define-command"
. 
. Defining document command \DeclareSIUnitWithOptions with arg. spec. 'mmm' on
. line 6973.
.................................................
.................................................
. LaTeX info: "xparse/define-command"
. 
. Defining document command \ang with arg. spec. 'o>{\SplitArgument {2}{;}}m'
. on line 6988.
.................................................
.................................................
. LaTeX info: "xparse/define-command"
. 
. Defining document command \num with arg. spec. 'om' on line 6996.
.................................................
.................................................
. LaTeX info: "xparse/define-command"
. 
. Defining document command \numlist with arg. spec. 'o>{\SplitList {;}}m' on
. line 7004.
.................................................
.................................................
. LaTeX info: "xparse/define-command"
. 
. Defining document command \numrange with arg. spec. 'omm' on line 7012.
.................................................
.................................................
. LaTeX info: "xparse/define-command"
. 
. Defining document command \SIlist with arg. spec. 'o>{\SplitList {;}}mm' on
. line 7023.
.................................................
.................................................
. LaTeX info: "xparse/define-command"
. 
. Defining document command \SIrange with arg. spec. 'ommm' on line 7034.
.................................................
.................................................
. LaTeX info: "xparse/define-command"
. 
. Defining document command \SI with arg. spec. 'omom' on line 7045.
.................................................
.................................................
. LaTeX info: "xparse/define-command"
. 
. Defining document command \sisetup with arg. spec. 'm' on line 7048.
.................................................
.................................................
. LaTeX info: "xparse/define-command"
. 
. Defining document command \tablenum with arg. spec. 'om' on line 7060.
.................................................
.................................................
. LaTeX info: "xparse/define-command"
. 
. Defining document command \si with arg. spec. 'om' on line 7071.
.................................................
.................................................
. LaTeX info: "xparse/define-command"
. 
. Defining document command \siunitx_bookmark_num:w with arg. spec. 'om' on
. line 7115.
.................................................
.................................................
. LaTeX info: "xparse/define-command"
. 
. Defining document command \siunitx_bookmark_numrange:w with arg. spec. 'omm'
. on line 7117.
.................................................
.................................................
. LaTeX info: "xparse/define-command"
. 
. Defining document command \siunitx_bookmark_SI:w with arg. spec. 'omom' on
. line 7119.
.................................................
.................................................
. LaTeX info: "xparse/define-command"
. 
. Defining document command \siunitx_bookmark_SIlist:w with arg. spec. 'omm'
. on line 7121.
.................................................
.................................................
. LaTeX info: "xparse/define-command"
. 
. Defining document command \siunitx_bookmark_SIrange:w with arg. spec. 'ommm'
. on line 7123.
.................................................
.................................................
. LaTeX info: "xparse/define-command"
. 
. Defining document command \siunitx_bookmark_si:w with arg. spec. 'om' on
. line 7124.
.................................................
\g_ior_internal_ior=\read1

("C:\Program Files (x86)\CTEX\MiKTeX\tex\latex\beamer\base\translator\translato
r.sty"
Package: translator 2010/06/12 ver 1.10
 ("C:\Program Files (x86)\CTEX\MiKTeX\tex\latex\graphics\keyval.sty"
Package: keyval 1999/03/16 v1.13 key=value parser (DPC)
\KV@toks@=\toks22
)
("C:\Program Files (x86)\CTEX\MiKTeX\tex\latex\beamer\base\translator\translato
r-language-mappings.tex"))
("C:\Program Files (x86)\CTEX\MiKTeX\tex\latex\siunitx\config\siunitx-binary.cf
g"
File: siunitx-binary.cfg 2012/01/26 v2.4j siunitx: Binary units
)) ("C:\Program Files (x86)\CTEX\MiKTeX\tex\latex\algorithm2e\algorithm2e.sty"
Package: algorithm2e 2008/00/00 v3.10 algorithms environments
\c@AlgoLine=\count288
 ("C:\Program Files (x86)\CTEX\MiKTeX\tex\latex\base\ifthen.sty"
Package: ifthen 2001/05/26 v1.1c Standard LaTeX ifthen package (DPC)
)
("C:\Program Files (x86)\CTEX\MiKTeX\tex\latex\tools\xspace.sty"
Package: xspace 2009/10/20 v1.13 Space after command names (DPC,MH)
)
("C:\Program Files (x86)\CTEX\MiKTeX\tex\latex\ltxmisc\relsize.sty"
Package: relsize 2003/07/04 ver 3.1
)
********************************************************
Package `algorithm2e' Release 4.01 -- december 14 2009 --
- algorithm2e-announce@lirmm.fr mailing list for announcement about releases
- algorithm2e-discussion@lirmm.fr mailing list for discussion about package
subscribe by emailing sympa@lirmm.fr with 'subscribe <list> <firstname name>'
- Author: Christophe Fiorio (fiorio@lirmm.fr)
********************************************************
\skiptotal=\skip59
\skiplinenumber=\skip60
\skiprule=\skip61
\skiphlne=\skip62
\skiptext=\skip63
\skiplength=\skip64
\algomargin=\skip65
\skipalgocfslide=\skip66
\algowidth=\dimen187
\inoutsize=\dimen188
\inoutline=\dimen189
\interspacetitleruled=\dimen190
\interspacealgoruled=\dimen191
\interspacetitleboxruled=\dimen192
\algocf@inoutbox=\box48
\algocf@inputbox=\box49
\AlCapSkip=\skip67
\AlCapHSkip=\skip68
\algocf@nlbox=\box50
\algocf@hangingbox=\box51
\algocf@capbox=\box52
\algoheightruledefault=\skip69
\algoheightrule=\skip70
\algotitleheightruledefault=\skip71
\algotitleheightrule=\skip72
\c@algocfline=\count289
\c@algocfproc=\count290
\c@algocf=\count291
\algocf@algoframe=\box53
\algocf@algobox=\box54
) ("C:\Program Files (x86)\CTEX\MiKTeX\tex\latex\graphics\graphicx.sty"
Package: graphicx 1999/02/16 v1.0f Enhanced LaTeX Graphics (DPC,SPQR)
\Gin@req@height=\dimen193
\Gin@req@width=\dimen194
)
("C:\Program Files (x86)\CTEX\MiKTeX\tex\latex\pgfplots\pgfplots.sty"
("C:\Program Files (x86)\CTEX\MiKTeX\tex\generic\pgfplots\pgfplots.revision.tex
")
Package: pgfplots 2011/12/29 v1.5.1 (git show 1.5.1-4-g53e640f )
 ("C:\Program Files (x86)\CTEX\MiKTeX\tex\latex\pgf\frontendlayer\tikz.sty"
("C:\Program Files (x86)\CTEX\MiKTeX\tex\latex\pgf\basiclayer\pgf.sty"
("C:\Program Files (x86)\CTEX\MiKTeX\tex\latex\pgf\utilities\pgfrcs.sty"
("C:\Program Files (x86)\CTEX\MiKTeX\tex\generic\pgf\utilities\pgfutil-common.t
ex"
\pgfutil@everybye=\toks23
)
("C:\Program Files (x86)\CTEX\MiKTeX\tex\generic\pgf\utilities\pgfutil-latex.de
f"
\pgfutil@abb=\box55
 ("C:\Program Files (x86)\CTEX\MiKTeX\tex\latex\ms\everyshi.sty"
Package: everyshi 2001/05/15 v3.00 EveryShipout Package (MS)
))
("C:\Program Files (x86)\CTEX\MiKTeX\tex\generic\pgf\utilities\pgfrcs.code.tex"
Package: pgfrcs 2010/10/25 v2.10 (rcs-revision 1.24)
))
Package: pgf 2008/01/15 v2.10 (rcs-revision 1.12)
 ("C:\Program Files (x86)\CTEX\MiKTeX\tex\latex\pgf\basiclayer\pgfcore.sty"
("C:\Program Files (x86)\CTEX\MiKTeX\tex\latex\pgf\systemlayer\pgfsys.sty"
("C:\Program Files (x86)\CTEX\MiKTeX\tex\generic\pgf\systemlayer\pgfsys.code.te
x"
Package: pgfsys 2010/06/30 v2.10 (rcs-revision 1.37)

("C:\Program Files (x86)\CTEX\MiKTeX\tex\generic\pgf\utilities\pgfkeys.code.tex
"
\pgfkeys@pathtoks=\toks24
\pgfkeys@temptoks=\toks25

("C:\Program Files (x86)\CTEX\MiKTeX\tex\generic\pgf\utilities\pgfkeysfiltered.
code.tex"
\pgfkeys@tmptoks=\toks26
))
\pgf@x=\dimen195
\pgf@y=\dimen196
\pgf@xa=\dimen197
\pgf@ya=\dimen198
\pgf@xb=\dimen199
\pgf@yb=\dimen200
\pgf@xc=\dimen201
Normal \dimen register pool exhausted, switching to extended pool.
\pgf@yc=\dimen256
\w@pgf@writea=\write3
\r@pgf@reada=\read2
\c@pgf@counta=\count292
\c@pgf@countb=\count293
\c@pgf@countc=\count294
\c@pgf@countd=\count295

("C:\Program Files (x86)\CTEX\MiKTeX\tex\generic\pgf\systemlayer\pgf.cfg"
File: pgf.cfg 2008/05/14  (rcs-revision 1.7)
)
Package pgfsys Info: Driver file for pgf: pgfsys-pdftex.def on input line 900.

("C:\Program Files (x86)\CTEX\MiKTeX\tex\generic\pgf\systemlayer\pgfsys-pdftex.
def"
File: pgfsys-pdftex.def 2009/05/22  (rcs-revision 1.26)

("C:\Program Files (x86)\CTEX\MiKTeX\tex\generic\pgf\systemlayer\pgfsys-common-
pdf.def"
File: pgfsys-common-pdf.def 2008/05/19  (rcs-revision 1.10)
)))
("C:\Program Files (x86)\CTEX\MiKTeX\tex\generic\pgf\systemlayer\pgfsyssoftpath
.code.tex"
File: pgfsyssoftpath.code.tex 2008/07/18  (rcs-revision 1.7)
\pgfsyssoftpath@smallbuffer@items=\count296
\pgfsyssoftpath@bigbuffer@items=\count297
)
("C:\Program Files (x86)\CTEX\MiKTeX\tex\generic\pgf\systemlayer\pgfsysprotocol
.code.tex"
File: pgfsysprotocol.code.tex 2006/10/16  (rcs-revision 1.4)
)) ("C:\Program Files (x86)\CTEX\MiKTeX\tex\latex\xcolor\xcolor.sty"
Package: xcolor 2007/01/21 v2.11 LaTeX color extensions (UK)

("C:\Program Files (x86)\CTEX\MiKTeX\tex\latex\00miktex\color.cfg"
File: color.cfg 2007/01/18 v1.5 color configuration of teTeX/TeXLive
)
Package xcolor Info: Driver file: pdftex.def on input line 225.
LaTeX Info: Redefining \color on input line 702.
Package xcolor Info: Model `cmy' substituted by `cmy0' on input line 1337.
Package xcolor Info: Model `hsb' substituted by `rgb' on input line 1341.
Package xcolor Info: Model `RGB' extended on input line 1353.
Package xcolor Info: Model `HTML' substituted by `rgb' on input line 1355.
Package xcolor Info: Model `Hsb' substituted by `hsb' on input line 1356.
Package xcolor Info: Model `tHsb' substituted by `hsb' on input line 1357.
Package xcolor Info: Model `HSB' substituted by `hsb' on input line 1358.
Package xcolor Info: Model `Gray' substituted by `gray' on input line 1359.
Package xcolor Info: Model `wave' substituted by `hsb' on input line 1360.
)
("C:\Program Files (x86)\CTEX\MiKTeX\tex\generic\pgf\basiclayer\pgfcore.code.te
x"
Package: pgfcore 2010/04/11 v2.10 (rcs-revision 1.7)
 ("C:\Program Files (x86)\CTEX\MiKTeX\tex\generic\pgf\math\pgfmath.code.tex"
("C:\Program Files (x86)\CTEX\MiKTeX\tex\generic\pgf\math\pgfmathcalc.code.tex"
("C:\Program Files (x86)\CTEX\MiKTeX\tex\generic\pgf\math\pgfmathutil.code.tex"
)
("C:\Program Files (x86)\CTEX\MiKTeX\tex\generic\pgf\math\pgfmathparser.code.te
x"
\pgfmath@dimen=\dimen257
\pgfmath@count=\count298
\pgfmath@box=\box56
\pgfmath@toks=\toks27
\pgfmath@stack@operand=\toks28
\pgfmath@stack@operation=\toks29
)
("C:\Program Files (x86)\CTEX\MiKTeX\tex\generic\pgf\math\pgfmathfunctions.code
.tex"
("C:\Program Files (x86)\CTEX\MiKTeX\tex\generic\pgf\math\pgfmathfunctions.basi
c.code.tex")
("C:\Program Files (x86)\CTEX\MiKTeX\tex\generic\pgf\math\pgfmathfunctions.trig
onometric.code.tex")
("C:\Program Files (x86)\CTEX\MiKTeX\tex\generic\pgf\math\pgfmathfunctions.rand
om.code.tex")
("C:\Program Files (x86)\CTEX\MiKTeX\tex\generic\pgf\math\pgfmathfunctions.comp
arison.code.tex")
("C:\Program Files (x86)\CTEX\MiKTeX\tex\generic\pgf\math\pgfmathfunctions.base
.code.tex")
("C:\Program Files (x86)\CTEX\MiKTeX\tex\generic\pgf\math\pgfmathfunctions.roun
d.code.tex")
("C:\Program Files (x86)\CTEX\MiKTeX\tex\generic\pgf\math\pgfmathfunctions.misc
.code.tex")))
("C:\Program Files (x86)\CTEX\MiKTeX\tex\generic\pgf\math\pgfmathfloat.code.tex
"
\c@pgfmathroundto@lastzeros=\count299
))
("C:\Program Files (x86)\CTEX\MiKTeX\tex\generic\pgf\basiclayer\pgfcorepoints.c
ode.tex"
File: pgfcorepoints.code.tex 2010/04/09  (rcs-revision 1.20)
\pgf@picminx=\dimen258
\pgf@picmaxx=\dimen259
\pgf@picminy=\dimen260
\pgf@picmaxy=\dimen261
\pgf@pathminx=\dimen262
\pgf@pathmaxx=\dimen263
\pgf@pathminy=\dimen264
\pgf@pathmaxy=\dimen265
\pgf@xx=\dimen266
\pgf@xy=\dimen267
\pgf@yx=\dimen268
\pgf@yy=\dimen269
\pgf@zx=\dimen270
\pgf@zy=\dimen271
)
("C:\Program Files (x86)\CTEX\MiKTeX\tex\generic\pgf\basiclayer\pgfcorepathcons
truct.code.tex"
File: pgfcorepathconstruct.code.tex 2010/08/03  (rcs-revision 1.24)
\pgf@path@lastx=\dimen272
\pgf@path@lasty=\dimen273
)
("C:\Program Files (x86)\CTEX\MiKTeX\tex\generic\pgf\basiclayer\pgfcorepathusag
e.code.tex"
File: pgfcorepathusage.code.tex 2008/04/22  (rcs-revision 1.12)
\pgf@shorten@end@additional=\dimen274
\pgf@shorten@start@additional=\dimen275
)
("C:\Program Files (x86)\CTEX\MiKTeX\tex\generic\pgf\basiclayer\pgfcorescopes.c
ode.tex"
File: pgfcorescopes.code.tex 2010/09/08  (rcs-revision 1.34)
\pgfpic=\box57
\pgf@hbox=\box58
\pgf@layerbox@main=\box59
\pgf@picture@serial@count=\count300
)
("C:\Program Files (x86)\CTEX\MiKTeX\tex\generic\pgf\basiclayer\pgfcoregraphics
tate.code.tex"
File: pgfcoregraphicstate.code.tex 2008/04/22  (rcs-revision 1.9)
\pgflinewidth=\dimen276
)
("C:\Program Files (x86)\CTEX\MiKTeX\tex\generic\pgf\basiclayer\pgfcoretransfor
mations.code.tex"
File: pgfcoretransformations.code.tex 2009/06/10  (rcs-revision 1.11)
\pgf@pt@x=\dimen277
\pgf@pt@y=\dimen278
\pgf@pt@temp=\dimen279
)
("C:\Program Files (x86)\CTEX\MiKTeX\tex\generic\pgf\basiclayer\pgfcorequick.co
de.tex"
File: pgfcorequick.code.tex 2008/10/09  (rcs-revision 1.3)
)
("C:\Program Files (x86)\CTEX\MiKTeX\tex\generic\pgf\basiclayer\pgfcoreobjects.
code.tex"
File: pgfcoreobjects.code.tex 2006/10/11  (rcs-revision 1.2)
)
("C:\Program Files (x86)\CTEX\MiKTeX\tex\generic\pgf\basiclayer\pgfcorepathproc
essing.code.tex"
File: pgfcorepathprocessing.code.tex 2008/10/09  (rcs-revision 1.8)
)
("C:\Program Files (x86)\CTEX\MiKTeX\tex\generic\pgf\basiclayer\pgfcorearrows.c
ode.tex"
File: pgfcorearrows.code.tex 2008/04/23  (rcs-revision 1.11)
)
("C:\Program Files (x86)\CTEX\MiKTeX\tex\generic\pgf\basiclayer\pgfcoreshade.co
de.tex"
File: pgfcoreshade.code.tex 2008/11/23  (rcs-revision 1.13)
\pgf@max=\dimen280
\pgf@sys@shading@range@num=\count301
)
("C:\Program Files (x86)\CTEX\MiKTeX\tex\generic\pgf\basiclayer\pgfcoreimage.co
de.tex"
File: pgfcoreimage.code.tex 2010/03/25  (rcs-revision 1.16)

("C:\Program Files (x86)\CTEX\MiKTeX\tex\generic\pgf\basiclayer\pgfcoreexternal
.code.tex"
File: pgfcoreexternal.code.tex 2010/09/01  (rcs-revision 1.17)
\pgfexternal@startupbox=\box60
))
("C:\Program Files (x86)\CTEX\MiKTeX\tex\generic\pgf\basiclayer\pgfcorelayers.c
ode.tex"
File: pgfcorelayers.code.tex 2010/08/27  (rcs-revision 1.2)
)
("C:\Program Files (x86)\CTEX\MiKTeX\tex\generic\pgf\basiclayer\pgfcoretranspar
ency.code.tex"
File: pgfcoretransparency.code.tex 2008/01/17  (rcs-revision 1.2)
)
("C:\Program Files (x86)\CTEX\MiKTeX\tex\generic\pgf\basiclayer\pgfcorepatterns
.code.tex"
File: pgfcorepatterns.code.tex 2009/07/02  (rcs-revision 1.3)
)))
("C:\Program Files (x86)\CTEX\MiKTeX\tex\generic\pgf\modules\pgfmoduleshapes.co
de.tex"
File: pgfmoduleshapes.code.tex 2010/09/09  (rcs-revision 1.13)
\pgfnodeparttextbox=\box61
)
("C:\Program Files (x86)\CTEX\MiKTeX\tex\generic\pgf\modules\pgfmoduleplot.code
.tex"
File: pgfmoduleplot.code.tex 2010/10/22  (rcs-revision 1.8)
)
("C:\Program Files (x86)\CTEX\MiKTeX\tex\latex\pgf\compatibility\pgfcomp-versio
n-0-65.sty"
Package: pgfcomp-version-0-65 2007/07/03 v2.10 (rcs-revision 1.7)
\pgf@nodesepstart=\dimen281
\pgf@nodesepend=\dimen282
)
("C:\Program Files (x86)\CTEX\MiKTeX\tex\latex\pgf\compatibility\pgfcomp-versio
n-1-18.sty"
Package: pgfcomp-version-1-18 2007/07/23 v2.10 (rcs-revision 1.1)
))
("C:\Program Files (x86)\CTEX\MiKTeX\tex\latex\pgf\utilities\pgffor.sty"
("C:\Program Files (x86)\CTEX\MiKTeX\tex\latex\pgf\utilities\pgfkeys.sty"
("C:\Program Files (x86)\CTEX\MiKTeX\tex\generic\pgf\utilities\pgfkeys.code.tex
"))
("C:\Program Files (x86)\CTEX\MiKTeX\tex\generic\pgf\utilities\pgffor.code.tex"
Package: pgffor 2010/03/23 v2.10 (rcs-revision 1.18)
\pgffor@iter=\dimen283
\pgffor@skip=\dimen284
\pgffor@stack=\toks30
\pgffor@toks=\toks31
))
("C:\Program Files (x86)\CTEX\MiKTeX\tex\generic\pgf\frontendlayer\tikz\tikz.co
de.tex"
Package: tikz 2010/10/13 v2.10 (rcs-revision 1.76)

("C:\Program Files (x86)\CTEX\MiKTeX\tex\generic\pgf\libraries\pgflibraryplotha
ndlers.code.tex"
File: pgflibraryplothandlers.code.tex 2010/05/31 v2.10 (rcs-revision 1.15)
\pgf@plot@mark@count=\count302
\pgfplotmarksize=\dimen285
)
\tikz@lastx=\dimen286
\tikz@lasty=\dimen287
\tikz@lastxsaved=\dimen288
\tikz@lastysaved=\dimen289
\tikzleveldistance=\dimen290
\tikzsiblingdistance=\dimen291
\tikz@figbox=\box62
\tikz@tempbox=\box63
\tikztreelevel=\count303
\tikznumberofchildren=\count304
\tikznumberofcurrentchild=\count305
\tikz@fig@count=\count306

("C:\Program Files (x86)\CTEX\MiKTeX\tex\generic\pgf\modules\pgfmodulematrix.co
de.tex"
File: pgfmodulematrix.code.tex 2010/08/24  (rcs-revision 1.4)
\pgfmatrixcurrentrow=\count307
\pgfmatrixcurrentcolumn=\count308
\pgf@matrix@numberofcolumns=\count309
)
\tikz@expandcount=\count310

("C:\Program Files (x86)\CTEX\MiKTeX\tex\generic\pgf\frontendlayer\tikz\librari
es\tikzlibrarytopaths.code.tex"
File: tikzlibrarytopaths.code.tex 2008/06/17 v2.10 (rcs-revision 1.2)
)))
("C:\Program Files (x86)\CTEX\MiKTeX\tex\generic\pgfplots\pgfplots.code.tex"
("C:\Program Files (x86)\CTEX\MiKTeX\tex\generic\pgfplots\pgfplotscore.code.tex
"
\t@pgfplots@toka=\toks32
\t@pgfplots@tokb=\toks33
\t@pgfplots@tokc=\toks34
\pgfplots@tmpa=\dimen292
\c@pgfplots@coordindex=\count311
\c@pgfplots@scanlineindex=\count312

("C:\Program Files (x86)\CTEX\MiKTeX\tex\generic\pgfplots\sys\pgfplotssysgeneri
c.code.tex"))
("C:\Program Files (x86)\CTEX\MiKTeX\tex\generic\pgfplots\libs\pgfplotslibrary.
code.tex")
("C:\Program Files (x86)\CTEX\MiKTeX\tex\generic\pgfplots\oldpgfcompatib\pgfplo
tsoldpgfsupp_loader.code.tex"
Package pgfplots: loading complementary code for your PGF version...

("C:\Program Files (x86)\CTEX\MiKTeX\tex\generic\pgfplots\oldpgfcompatib\pgfplo
tsoldpgfsupp_misc.code.tex")
("C:\Program Files (x86)\CTEX\MiKTeX\tex\generic\pgfplots\oldpgfcompatib\pgfplo
tsoldpgfsupp_pgfkeys.code.tex"
\pgfkeys@pathtoks=\toks35
\pgfkeys@temptoks=\toks36

("C:\Program Files (x86)\CTEX\MiKTeX\tex\generic\pgfplots\oldpgfcompatib\pgfplo
tsoldpgfsupp_pgfkeysfiltered.code.tex"
\pgfkeys@tmptoks=\toks37
))
("C:\Program Files (x86)\CTEX\MiKTeX\tex\generic\pgfplots\oldpgfcompatib\pgfplo
tsoldpgfsupp_pgfmathfloat.code.tex"
\c@pgfmathroundto@lastzeros=\count313
)
("C:\Program Files (x86)\CTEX\MiKTeX\tex\generic\pgfplots\oldpgfcompatib\pgfplo
tsoldpgfsupp_pgflibraryplothandlers.code.tex"
File: pgflibraryplothandlers.code.tex 2011/12/28 v2.10 (rcs-revision 1.16)
\pgf@plot@mark@count=\count314
\pgfplotmarksize=\dimen293
)
("C:\Program Files (x86)\CTEX\MiKTeX\tex\generic\pgfplots\oldpgfcompatib\pgfplo
tsoldpgfsupp_pgflibraryfpu.code.tex"))
("C:\Program Files (x86)\CTEX\MiKTeX\tex\generic\pgfplots\util\pgfplotsutil.cod
e.tex"
("C:\Program Files (x86)\CTEX\MiKTeX\tex\generic\pgfplots\liststructure\pgfplot
sliststructure.code.tex")
("C:\Program Files (x86)\CTEX\MiKTeX\tex\generic\pgfplots\liststructure\pgfplot
sliststructureext.code.tex")
("C:\Program Files (x86)\CTEX\MiKTeX\tex\generic\pgfplots\liststructure\pgfplot
sarray.code.tex"
\c@pgfplotsarray@tmp=\count315
)
("C:\Program Files (x86)\CTEX\MiKTeX\tex\generic\pgfplots\liststructure\pgfplot
smatrix.code.tex")
("C:\Program Files (x86)\CTEX\MiKTeX\tex\generic\pgfplots\numtable\pgfplotstabl
eshared.code.tex"
\c@pgfplotstable@counta=\count316
\t@pgfplotstable@a=\toks38
)
("C:\Program Files (x86)\CTEX\MiKTeX\tex\generic\pgfplots\liststructure\pgfplot
sdeque.code.tex")
("C:\Program Files (x86)\CTEX\MiKTeX\tex\generic\pgfplots\util\pgfplotsbinary.c
ode.tex")
("C:\Program Files (x86)\CTEX\MiKTeX\tex\generic\pgfplots\util\pgfplotsutil.ver
b.code.tex")
("C:\Program Files (x86)\CTEX\MiKTeX\tex\generic\pgfplots\libs\pgflibrarypgfplo
ts.surfshading.code.tex"
\c@pgfplotslibrarysurf@no=\count317

("C:\Program Files (x86)\CTEX\MiKTeX\tex\generic\pgfplots\sys\pgflibrarypgfplot
s.surfshading.pgfsys-pdftex.def")))
("C:\Program Files (x86)\CTEX\MiKTeX\tex\generic\pgfplots\util\pgfplotscolormap
.code.tex")
("C:\Program Files (x86)\CTEX\MiKTeX\tex\generic\pgfplots\pgfplotsstackedplots.
code.tex")
("C:\Program Files (x86)\CTEX\MiKTeX\tex\generic\pgfplots\pgfplotsplothandlers.
code.tex"
("C:\Program Files (x86)\CTEX\MiKTeX\tex\generic\pgfplots\pgfplotsmeshplothandl
er.code.tex"))
("C:\Program Files (x86)\CTEX\MiKTeX\tex\generic\pgfplots\pgfplotscoordprocessi
ng.code.tex")
("C:\Program Files (x86)\CTEX\MiKTeX\tex\generic\pgfplots\pgfplotsticks.code.te
x")
("C:\Program Files (x86)\CTEX\MiKTeX\tex\generic\pgfplots\pgfplots.paths.code.t
ex")
("C:\Program Files (x86)\CTEX\MiKTeX\tex\generic\pgf\frontendlayer\tikz\librari
es\tikzlibrarydecorations.code.tex"
("C:\Program Files (x86)\CTEX\MiKTeX\tex\generic\pgf\modules\pgfmoduledecoratio
ns.code.tex"
\pgfdecoratedcompleteddistance=\dimen294
\pgfdecoratedremainingdistance=\dimen295
\pgfdecoratedinputsegmentcompleteddistance=\dimen296
\pgfdecoratedinputsegmentremainingdistance=\dimen297
\pgf@decorate@distancetomove=\dimen298
\pgf@decorate@repeatstate=\count318
\pgfdecorationsegmentamplitude=\dimen299
\pgfdecorationsegmentlength=\dimen300
)
\tikz@lib@dec@box=\box64
)
("C:\Program Files (x86)\CTEX\MiKTeX\tex\generic\pgf\frontendlayer\tikz\librari
es\tikzlibrarydecorations.pathmorphing.code.tex"
("C:\Program Files (x86)\CTEX\MiKTeX\tex\generic\pgf\libraries\decorations\pgfl
ibrarydecorations.pathmorphing.code.tex"))
("C:\Program Files (x86)\CTEX\MiKTeX\tex\generic\pgf\frontendlayer\tikz\librari
es\tikzlibrarydecorations.pathreplacing.code.tex"
("C:\Program Files (x86)\CTEX\MiKTeX\tex\generic\pgf\libraries\decorations\pgfl
ibrarydecorations.pathreplacing.code.tex"))
\pgfplots@numplots=\count319
\pgfplots@xmin@reg=\dimen301
\pgfplots@xmax@reg=\dimen302
\pgfplots@ymin@reg=\dimen303
\pgfplots@ymax@reg=\dimen304
\pgfplots@zmin@reg=\dimen305
\pgfplots@zmax@reg=\dimen306
)
("C:\Program Files (x86)\CTEX\MiKTeX\tex\generic\pgf\frontendlayer\tikz\librari
es\tikzlibraryplotmarks.code.tex"
File: tikzlibraryplotmarks.code.tex 2008/01/09 v2.10 (rcs-revision 1.1)

("C:\Program Files (x86)\CTEX\MiKTeX\tex\generic\pgf\libraries\pgflibraryplotma
rks.code.tex"
File: pgflibraryplotmarks.code.tex 2010/10/15 v2.10 (rcs-revision 1.12)
))) ("C:\Program Files (x86)\CTEX\MiKTeX\tex\latex\cite\cite.sty"
LaTeX Info: Redefining \cite on input line 302.
LaTeX Info: Redefining \nocite on input line 373.
Package: cite 2010/09/10  v 5.3
) ("C:\Program Files (x86)\CTEX\MiKTeX\tex\latex\subfig\subfig.sty"
Package: subfig 2005/06/28 ver: 1.3 subfig package

("C:\Program Files (x86)\CTEX\MiKTeX\tex\latex\caption\caption.sty"
Package: caption 2011/11/10 v3.2e Customizing captions (AR)

("C:\Program Files (x86)\CTEX\MiKTeX\tex\latex\caption\caption3.sty"
Package: caption3 2011/11/01 v1.4a caption3 kernel (AR)
\captionmargin=\dimen307
\captionmargin@=\dimen308
\captionwidth=\dimen309
\caption@indent=\dimen310
\caption@parindent=\dimen311
\caption@hangindent=\dimen312
Package caption Info: Unknown document class (or package),
(caption)             standard defaults will be used.
)

Package caption Warning: Unsupported document class (or package) detected,
(caption)                usage of the caption package is not recommended.
See the caption package documentation for explanation.

Package caption Info: \@makecaption = \long macro:#1#2->\ifx \@captype \@IEEEta
blestring \footnotesize \bgroup \par \centering \@IEEEtabletopskipstrut {\norma
lfont \footnotesize #1}\\{\normalfont \footnotesize \scshape #2}\par \addvspace
 {0.5\baselineskip }\egroup \@IEEEtablecaptionsepspace \else \@IEEEfigurecaptio
nsepspace \setbox \@tempboxa \hbox {\normalfont \footnotesize {#1.}\nobreakspac
e \nobreakspace #2}\ifdim \wd \@tempboxa >\hsize \setbox \@tempboxa \hbox {\nor
malfont \footnotesize {#1.}\nobreakspace \nobreakspace }\parbox [t]{\hsize }{\n
ormalfont \footnotesize \noindent \unhbox \@tempboxa #2}\else \ifCLASSOPTIONcon
ference \hbox to\hsize {\normalfont \footnotesize \hfil \box \@tempboxa \hfil }
\else \hbox to\hsize {\normalfont \footnotesize \box \@tempboxa \hfil }\fi \fi 
\fi .
\c@ContinuedFloat=\count320
)
\c@KVtest=\count321
\sf@farskip=\skip73
\sf@captopadj=\dimen313
\sf@capskip=\skip74
\sf@nearskip=\skip75
\c@subfigure=\count322
\c@subfigure@save=\count323
\c@lofdepth=\count324
\c@subtable=\count325
\c@subtable@save=\count326
\c@lotdepth=\count327
\sf@top=\skip76
\sf@bottom=\skip77
) ("C:\Program Files (x86)\CTEX\MiKTeX\tex\latex\multirow\multirow.sty"
\bigstrutjot=\dimen314
)
("C:\Program Files (x86)\CTEX\MiKTeX\tex\latex\tools\verbatim.sty"
Package: verbatim 2003/08/22 v1.5q LaTeX2e package for verbatim enhancements
\every@verbatim=\toks39
\verbatim@line=\toks40
\verbatim@in@stream=\read3
)
("C:\Program Files (x86)\CTEX\MiKTeX\tex\latex\enumitem\enumitem.sty"
Package: enumitem 2011/09/28 v3.5.2 Customized lists
\labelindent=\skip78
\enit@outerparindent=\dimen315
\enit@toks=\toks41
\enit@inbox=\box65
\enitdp@description=\count328
)
("C:\文档\我的论文\已投稿\DCSA-Flow path-TCAD\DCSA.aux"

LaTeX Warning: Label `ta' multiply defined.


LaTeX Warning: Label `tb' multiply defined.


LaTeX Warning: Label `ta' multiply defined.


LaTeX Warning: Label `tb' multiply defined.

)
LaTeX Font Info:    Checking defaults for OML/cmm/m/it on input line 30.
LaTeX Font Info:    ... okay on input line 30.
LaTeX Font Info:    Checking defaults for T1/cmr/m/n on input line 30.
LaTeX Font Info:    ... okay on input line 30.
LaTeX Font Info:    Checking defaults for OT1/cmr/m/n on input line 30.
LaTeX Font Info:    ... okay on input line 30.
LaTeX Font Info:    Checking defaults for OMS/cmsy/m/n on input line 30.
LaTeX Font Info:    ... okay on input line 30.
LaTeX Font Info:    Checking defaults for OMX/cmex/m/n on input line 30.
LaTeX Font Info:    ... okay on input line 30.
LaTeX Font Info:    Checking defaults for U/cmr/m/n on input line 30.
LaTeX Font Info:    ... okay on input line 30.

-- Lines per column: 58 (exact).
("C:\Program Files (x86)\CTEX\MiKTeX\tex\context\base\supp-pdf.mkii"
[Loading MPS to PDF converter (version 2006.09.02).]
\scratchcounter=\count329
\scratchdimen=\dimen316
\scratchbox=\box66
\nofMPsegments=\count330
\nofMParguments=\count331
\everyMPshowfont=\toks42
\MPscratchCnt=\count332
\MPscratchDim=\dimen317
\MPnumerator=\count333
\makeMPintoPDFobject=\count334
\everyMPtoPDFconversion=\toks43
)
("C:\Program Files (x86)\CTEX\MiKTeX\tex\latex\beamer\base\translator\dicts\tra
nslator-basic-dictionary\translator-basic-dictionary-English.dict"
Dictionary: translator-basic-dictionary, Language: English 
)
("C:\Program Files (x86)\CTEX\MiKTeX\tex\latex\siunitx\config\siunitx-abbreviat
ions.cfg"
File: siunitx-abbreviations.cfg 2012/01/26 v2.4j siunitx: Abbreviated units
) ABD: EveryShipout initializing macros
Package caption Info: Begin \AtBeginDocument code.
Package caption Info: subfig package v1.3 is loaded.
Package caption Info: End \AtBeginDocument code.
\c_siunitx_mathsf_int=\count335
LaTeX Font Info:    Try loading font information for U+msa on input line 30.

("C:\Program Files (x86)\CTEX\MiKTeX\tex\latex\amsfonts\umsa.fd"
File: umsa.fd 2009/06/22 v3.00 AMS symbols A
)
LaTeX Font Info:    Try loading font information for U+msb on input line 30.

("C:\Program Files (x86)\CTEX\MiKTeX\tex\latex\amsfonts\umsb.fd"
File: umsb.fd 2009/06/22 v3.00 AMS symbols B
)
\c_siunitx_mathtt_int=\count336

("C:\文档\我的论文\已投稿\DCSA-Flow path-TCAD\cover_letter.tex"
Underfull \hbox (badness 10000) in paragraph at lines 18--19

 []

[1{C:/Program Files (x86)/CTEX/UserData/pdftex/config/pdftex.map{Unicode.sfd}{U
GBK.sfd}}]) ("C:\文档\我的论文\已投稿\DCSA-Flow path-TCAD\abstract.tex
") ("C:\文档\我的论文\已投稿\DCSA-Flow path-TCAD\introduction.tex"
("C:\文档\我的论文\已投稿\DCSA-Flow path-TCAD\Fig/valve_mixer_storage_
own_mixer.pdf_tex"
<Fig/valve_mixer_storage_own_mixer.pdf, id=11, 247.45671pt x 147.06743pt>
File: Fig/valve_mixer_storage_own_mixer.pdf Graphic file (type pdf)

<use Fig/valve_mixer_storage_own_mixer.pdf>
Package pdftex.def Info: Fig/valve_mixer_storage_own_mixer.pdf used on input li
ne 52.
(pdftex.def)             Requested size: 247.4567pt x 147.06706pt.
) [1




]
("C:\文档\我的论文\已投稿\DCSA-Flow path-TCAD\Fig/pcr.pdf_tex"
<Fig/pcr.pdf, id=19, 243.29971pt x 125.12387pt>
File: Fig/pcr.pdf Graphic file (type pdf)
 <use Fig/pcr.pdf>
Package pdftex.def Info: Fig/pcr.pdf used on input line 52.
(pdftex.def)             Requested size: 243.2997pt x 125.12355pt.
))
("C:\文档\我的论文\已投稿\DCSA-Flow path-TCAD\motivation.tex"
Underfull \vbox (badness 10000) has occurred while \output is active []

 [2 <C:/文档/我的论文/已投稿/DCSA-Flow path-TCAD/Fig/valve_mixer_stora
ge_own_mixer.pdf> <C:/文档/我的论文/已投稿/DCSA-Flow path-TCAD/Fig/pcr
.pdf>]
("C:\文档\我的论文\已投稿\DCSA-Flow path-TCAD\Fig/device_storage.pdf_t
ex" <Fig/device_storage.pdf, id=31, 242.75565pt x 81.81526pt>
File: Fig/device_storage.pdf Graphic file (type pdf)

<use Fig/device_storage.pdf>
Package pdftex.def Info: Fig/device_storage.pdf used on input line 52.
(pdftex.def)             Requested size: 242.75563pt x 81.81628pt.
)
<Visio/sequencing_graph.pdf, id=32, 91.09032pt x 187.07893pt>
File: Visio/sequencing_graph.pdf Graphic file (type pdf)

<use Visio/sequencing_graph.pdf>
Package pdftex.def Info: Visio/sequencing_graph.pdf used on input line 87.
(pdftex.def)             Requested size: 40.32092pt x 82.80882pt.

<Visio/scheduling.pdf, id=33, 97.86563pt x 82.80937pt>
File: Visio/scheduling.pdf Graphic file (type pdf)

<use Visio/scheduling.pdf>
Package pdftex.def Info: Visio/scheduling.pdf used on input line 90.
(pdftex.def)             Requested size: 105.83954pt x 89.56166pt.

<Visio/chip_architecture.pdf, id=34, 219.44987pt x 219.82124pt>
File: Visio/chip_architecture.pdf Graphic file (type pdf)

<use Visio/chip_architecture.pdf>
Package pdftex.def Info: Visio/chip_architecture.pdf used on input line 93.
(pdftex.def)             Requested size: 88.20154pt x 88.34956pt.

<Visio/scheduling_adjustment.pdf, id=35, 225.09094pt x 82.80937pt>
File: Visio/scheduling_adjustment.pdf Graphic file (type pdf)

<use Visio/scheduling_adjustment.pdf>
Package pdftex.def Info: Visio/scheduling_adjustment.pdf used on input line 109
.
(pdftex.def)             Requested size: 283.80157pt x 104.4212pt.

<Visio/new_path.pdf, id=36, 461.47406pt x 219.82124pt>
File: Visio/new_path.pdf Graphic file (type pdf)

<use Visio/new_path.pdf>
Package pdftex.def Info: Visio/new_path.pdf used on input line 112.
(pdftex.def)             Requested size: 221.87622pt x 105.68741pt.

Underfull \hbox (badness 1460) in paragraph at lines 121--123
 \OT1/ptm/m/it/10 1) Trans-porta-tion con-flic-t: [][] \OT1/ptm/m/n/10 S-ince s
ev-er-al trans-porta-tion
 []

[3 <C:/文档/我的论文/已投稿/DCSA-Flow path-TCAD/Fig/device_storage.pdf
> <C:/文档/我的论文/已投稿/DCSA-Flow path-TCAD/Visio/sequencing_graph.
pdf> <C:/文档/我的论文/已投稿/DCSA-Flow path-TCAD/Visio/scheduling.pdf
> <C:/文档/我的论文/已投稿/DCSA-Flow path-TCAD/Visio/chip_architecture
.pdf>] <Visio/caching_deadlock1.pdf, id=78, 98.61844pt x 84.6914pt>
File: Visio/caching_deadlock1.pdf Graphic file (type pdf)

<use Visio/caching_deadlock1.pdf>
Package pdftex.def Info: Visio/caching_deadlock1.pdf used on input line 140.
(pdftex.def)             Requested size: 126.0pt x 108.20688pt.

<Visio/caching_deadlock2.pdf, id=79, 217.5628pt x 204.765pt>
File: Visio/caching_deadlock2.pdf Graphic file (type pdf)

<use Visio/caching_deadlock2.pdf>
Package pdftex.def Info: Visio/caching_deadlock2.pdf used on input line 143.
(pdftex.def)             Requested size: 110.88062pt x 104.36002pt.

Underfull \vbox (badness 1137) has occurred while \output is active []

)
("C:\文档\我的论文\已投稿\DCSA-Flow path-TCAD\caching_synthesis.tex"
("C:\文档\我的论文\已投稿\DCSA-Flow path-TCAD\variables_constraints.te
x"
LaTeX Font Info:    Try loading font information for OT1+pcr on input line 40.
 ("C:\Program Files (x86)\CTEX\MiKTeX\tex\latex\psnfss\ot1pcr.fd"
File: ot1pcr.fd 2001/06/04 font definitions for OT1/pcr.
)) [4 <C:/文档/我的论文/已投稿/DCSA-Flow path-TCAD/Visio/scheduling_ad
justment.pdf> <C:/文档/我的论文/已投稿/DCSA-Flow path-TCAD/Visio/new_p
ath.pdf> <C:/文档/我的论文/已投稿/DCSA-Flow path-TCAD/Visio/caching_de
adlock1.pdf> <C:/文档/我的论文/已投稿/DCSA-Flow path-TCAD/Visio/cachin
g_deadlock2.pdf>]
("C:\文档\我的论文\已投稿\DCSA-Flow path-TCAD\Fig/schedule_storage.pdf
_tex" <Fig/schedule_storage.pdf, id=128, 294.51103pt x 98.00943pt>
File: Fig/schedule_storage.pdf Graphic file (type pdf)

<use Fig/schedule_storage.pdf>
Package pdftex.def Info: Fig/schedule_storage.pdf used on input line 52.
(pdftex.def)             Requested size: 294.51102pt x 98.01216pt.
)
Overfull \hbox (42.51102pt too wide) in paragraph at lines 94--110
 [][] 
 []

[5 <C:/文档/我的论文/已投稿/DCSA-Flow path-TCAD/Fig/schedule_storage.p
df>] ("C:\文档\我的论文\已投稿\DCSA-Flow path-TCAD\Fig/switch.pdf_tex"
<Fig/switch.pdf, id=145, 228.17177pt x 141.61455pt>
File: Fig/switch.pdf Graphic file (type pdf)
 <use Fig/switch.pdf>
Package pdftex.def Info: Fig/switch.pdf used on input line 52.
(pdftex.def)             Requested size: 228.17175pt x 141.62283pt.
)
("C:\文档\我的论文\已投稿\DCSA-Flow path-TCAD\Fig/grid_model.pdf_tex"
<Fig/grid_model.pdf, id=146, 103.83997pt x 103.83997pt>
File: Fig/grid_model.pdf Graphic file (type pdf)

<use Fig/grid_model.pdf>
Package pdftex.def Info: Fig/grid_model.pdf used on input line 52.
(pdftex.def)             Requested size: 103.83995pt x 103.84286pt.
) [6 <C:/文档/我的论文/已投稿/DCSA-Flow path-TCAD/Fig/switch.pdf> <C:/
文档/我的论文/已投稿/DCSA-Flow path-TCAD/Fig/grid_model.pdf>]
Overfull \hbox (1.92572pt too wide) detected at line 315
[] [] \OMS/cmsy/m/n/10  \OT1/cmr/m/n/10 2 \OMS/cmsy/m/n/10   \OML/cmm/m/it/10 
a[] \OMS/cmsy/m/n/10   \OML/cmm/m/it/10 a[] \OMS/cmsy/m/n/10   \OT1/cmr/m/n/10 
(1 \OMS/cmsy/m/n/10   \OML/cmm/m/it/10 y[]\OT1/cmr/m/n/10 )\OML/cmm/m/it/10 M; 
 [] [] \OMS/cmsy/m/n/10  \OML/cmm/m/it/10 y[]M
 []

) ("C:\文档\我的论文\已投稿\DCSA-Flow path-TCAD\flow_paths.tex"
<Visio/task_division.pdf, id=155, 228.48361pt x 88.83188pt>
File: Visio/task_division.pdf Graphic file (type pdf)

<use Visio/task_division.pdf>
Package pdftex.def Info: Visio/task_division.pdf used on input line 11.
(pdftex.def)             Requested size: 252.0pt x 97.97966pt.
 [7 <C:/文档/我的论文/已投稿/DCSA-Flow path-TCAD/Visio/task_division.p
df>]
LaTeX Font Info:    Try loading font information for OMS+ptm on input line 23.

("C:\Program Files (x86)\CTEX\MiKTeX\tex\latex\psnfss\omsptm.fd"
File: omsptm.fd 
)
LaTeX Font Info:    Font shape `OMS/ptm/m/n' in size <10> not available
(Font)              Font shape `OMS/cmsy/m/n' tried instead on input line 23.
 [8]
<Visio/postpone_cmp2.pdf, id=174, 105.39375pt x 82.43297pt>
File: Visio/postpone_cmp2.pdf Graphic file (type pdf)

<use Visio/postpone_cmp2.pdf>
Package pdftex.def Info: Visio/postpone_cmp2.pdf used on input line 103.
(pdftex.def)             Requested size: 120.95892pt x 94.60846pt.

<Visio/postpone_cmp1.pdf, id=175, 105.39375pt x 82.43297pt>
File: Visio/postpone_cmp1.pdf Graphic file (type pdf)

<use Visio/postpone_cmp1.pdf>
Package pdftex.def Info: Visio/postpone_cmp1.pdf used on input line 106.
(pdftex.def)             Requested size: 120.95892pt x 94.60846pt.

Underfull \hbox (badness 2608) in paragraph at lines 108--108
[]\OT1/ptm/m/n/10 Fig. 11: |Com-par-i-son on d-if-fer-en-t scheduling-adjustmen
t
 []

[9 <C:/文档/我的论文/已投稿/DCSA-Flow path-TCAD/Visio/postpone_cmp2.pd
f> <C:/文档/我的论文/已投稿/DCSA-Flow path-TCAD/Visio/postpone_cmp1.pd
f>] ("C:\文档\我的论文\已投稿\DCSA-Flow path-TCAD\tb_test.tex"))
("C:\文档\我的论文\已投稿\DCSA-Flow path-TCAD\results.tex"
<Visio/storage_cmp.pdf, id=202, 429.48456pt x 223.58531pt>
File: Visio/storage_cmp.pdf Graphic file (type pdf)

<use Visio/storage_cmp.pdf>
Package pdftex.def Info: Visio/storage_cmp.pdf used on input line 13.
(pdftex.def)             Requested size: 214.20154pt x 111.51262pt.

("C:\文档\我的论文\已投稿\DCSA-Flow path-TCAD\Fig/ideal_cmp.pdf_tex"
<Fig/ideal_cmp.pdf, id=203, 250.93036pt x 116.39958pt>
File: Fig/ideal_cmp.pdf Graphic file (type pdf)
 <use Fig/ideal_cmp.pdf>
Package pdftex.def Info: Fig/ideal_cmp.pdf used on input line 52.
(pdftex.def)             Requested size: 250.93036pt x 116.40283pt.
)
Underfull \hbox (badness 1436) in paragraph at lines 28--29
[]\OT1/ptm/m/n/10 After com-plet-ing the ar-chi-tec-tural syn-the-sis, a cer-ta
in
 []

[10]
("C:\文档\我的论文\已投稿\DCSA-Flow path-TCAD\edge_valve_percentage.te
x"
PGFPlots: reading {edge_valve_percentage.dat}
PGFPlots: reading {edge_valve_percentage.dat}
)
("C:\文档\我的论文\已投稿\DCSA-Flow path-TCAD\exe_time_valve_cmp.tex"
PGFPlots: reading {exe_time_valve_cmp.dat}
PGFPlots: reading {exe_time_valve_cmp.dat}
) ("C:\文档\我的论文\已投稿\DCSA-Flow path-TCAD\iteration_cost.tex")
<Visio/RA30_exe_flow.pdf, id=209, 258.9675pt x 411.78844pt>
File: Visio/RA30_exe_flow.pdf Graphic file (type pdf)

<use Visio/RA30_exe_flow.pdf>
Package pdftex.def Info: Visio/RA30_exe_flow.pdf used on input line 91.
(pdftex.def)             Requested size: 151.20154pt x 240.43971pt.

<Visio/RA30_exe_flow_test.png, id=210, 440.39531pt x 657.95813pt>
File: Visio/RA30_exe_flow_test.png Graphic file (type png)

<use Visio/RA30_exe_flow_test.png>
Package pdftex.def Info: Visio/RA30_exe_flow_test.png used on input line 100.
(pdftex.def)             Requested size: 176.39923pt x 263.54001pt.
 [11 <C:/文档/我的论文/已投稿/DCSA-Flow path-TCAD/Visio/storage_cmp.pd
f> <C:/文档/我的论文/已投稿/DCSA-Flow path-TCAD/Fig/ideal_cmp.pdf>])
("C:\文档\我的论文\已投稿\DCSA-Flow path-TCAD\conclusion.tex")
[12 <C:/文档/我的论文/已投稿/DCSA-Flow path-TCAD/Visio/RA30_exe_flow.p
df>] ("C:\文档\我的论文\已投稿\DCSA-Flow path-TCAD\DCSA.bbl") [13 <C:/
文档/我的论文/已投稿/DCSA-Flow path-TCAD/Visio/RA30_exe_flow_test.png>
] ("C:\文档\我的论文\已投稿\DCSA-Flow path-TCAD\DCSA.aux")

LaTeX Warning: There were multiply-defined labels.

 ) 
Here is how much of TeX's memory you used:
 29157 strings out of 495354
 660334 string characters out of 3182739
 760684 words of memory out of 3000000
 31737 multiletter control sequences out of 15000+200000
 52781 words of font info for 121 fonts, out of 3000000 for 9000
 14 hyphenation exceptions out of 8191
 63i,19n,99p,2209b,1958s stack positions out of 5000i,500n,10000p,200000b,50000s
{C:/Program Files (x86)/CTEX/MiKTeX/fonts/enc/dvips/fontname/8r.enc}<C:/Progr
am Files (x86)/CTEX/MiKTeX/fonts/type1/public/amsfonts/cmextra/cmbsy5.pfb><C:/P
rogram Files (x86)/CTEX/MiKTeX/fonts/type1/public/amsfonts/cm/cmex10.pfb><C:/Pr
ogram Files (x86)/CTEX/MiKTeX/fonts/type1/public/amsfonts/cmextra/cmex7.pfb><C:
/Program Files (x86)/CTEX/MiKTeX/fonts/type1/public/amsfonts/cmextra/cmex8.pfb>
<C:/Program Files (x86)/CTEX/MiKTeX/fonts/type1/public/amsfonts/cm/cmmi10.pfb><
C:/Program Files (x86)/CTEX/MiKTeX/fonts/type1/public/amsfonts/cm/cmmi5.pfb><C:
/Program Files (x86)/CTEX/MiKTeX/fonts/type1/public/amsfonts/cm/cmmi6.pfb><C:/P
rogram Files (x86)/CTEX/MiKTeX/fonts/type1/public/amsfonts/cm/cmmi7.pfb><C:/Pro
gram Files (x86)/CTEX/MiKTeX/fonts/type1/public/amsfonts/cm/cmmi8.pfb><C:/Progr
am Files (x86)/CTEX/MiKTeX/fonts/type1/public/amsfonts/cm/cmmi9.pfb><C:/Program
 Files (x86)/CTEX/MiKTeX/fonts/type1/public/amsfonts/cm/cmmib10.pfb><C:/Program
 Files (x86)/CTEX/MiKTeX/fonts/type1/public/amsfonts/cmextra/cmmib7.pfb><C:/Pro
gram Files (x86)/CTEX/MiKTeX/fonts/type1/public/amsfonts/cm/cmr10.pfb><C:/Progr
am Files (x86)/CTEX/MiKTeX/fonts/type1/public/amsfonts/cm/cmr5.pfb><C:/Program 
Files (x86)/CTEX/MiKTeX/fonts/type1/public/amsfonts/cm/cmr6.pfb><C:/Program Fil
es (x86)/CTEX/MiKTeX/fonts/type1/public/amsfonts/cm/cmr7.pfb><C:/Program Files 
(x86)/CTEX/MiKTeX/fonts/type1/public/amsfonts/cm/cmr8.pfb><C:/Program Files (x8
6)/CTEX/MiKTeX/fonts/type1/public/amsfonts/cm/cmr9.pfb><C:/Program Files (x86)/
CTEX/MiKTeX/fonts/type1/public/amsfonts/cm/cmsy10.pfb><C:/Program Files (x86)/C
TEX/MiKTeX/fonts/type1/public/amsfonts/cm/cmsy5.pfb><C:/Program Files (x86)/CTE
X/MiKTeX/fonts/type1/public/amsfonts/cm/cmsy6.pfb><C:/Program Files (x86)/CTEX/
MiKTeX/fonts/type1/public/amsfonts/cm/cmsy7.pfb><C:/Program Files (x86)/CTEX/Mi
KTeX/fonts/type1/public/amsfonts/cm/cmsy8.pfb><C:/Program Files (x86)/CTEX/MiKT
eX/fonts/type1/public/amsfonts/cm/cmsy9.pfb><C:/Program Files (x86)/CTEX/MiKTeX
/fonts/type1/urw/courier/ucrr8a.pfb><C:/Program Files (x86)/CTEX/MiKTeX/fonts/t
ype1/urw/times/utmb8a.pfb><C:/Program Files (x86)/CTEX/MiKTeX/fonts/type1/urw/t
imes/utmbi8a.pfb><C:/Program Files (x86)/CTEX/MiKTeX/fonts/type1/urw/times/utmr
8a.pfb><C:/Program Files (x86)/CTEX/MiKTeX/fonts/type1/urw/times/utmr8a.pfb><C:
/Program Files (x86)/CTEX/MiKTeX/fonts/type1/urw/times/utmri8a.pfb>
Output written on DCSA.pdf (14 pages, 2988269 bytes).
PDF statistics:
 353 PDF objects out of 1000 (max. 8388607)
 0 named destinations out of 1000 (max. 500000)
 113 words of extra memory for PDF output out of 10000 (max. 10000000)

