This is pdfTeX, Version 3.14159265-2.6-1.40.18 (TeX Live 2017/Debian) (preloaded format=pdflatex 2019.5.12)  24 APR 2020 18:13
entering extended mode
 restricted \write18 enabled.
 file:line:error style messages enabled.
 %&-line parsing enabled.
**/home/cheffer/workplace/workspace_tum/thesis/once_for_all/my_thesis/thesis.tex
(/home/cheffer/workplace/workspace_tum/thesis/once_for_all/my_thesis/thesis.tex
LaTeX2e <2017-04-15>
Babel <3.18> and hyphenation patterns for 84 language(s) loaded.
(/home/cheffer/workplace/workspace_tum/thesis/once_for_all/my_thesis/Latex/Classes/PhDthesisPSnPDF.cls
Document Class: Latex/Classes/PhDthesisPSnPDF 2007/09/06 v2 PhD thesis class
(/usr/share/texlive/texmf-dist/tex/latex/base/book.cls
Document Class: book 2014/09/29 v1.4h Standard LaTeX document class
(/usr/share/texlive/texmf-dist/tex/latex/base/bk11.clo
File: bk11.clo 2014/09/29 v1.4h Standard LaTeX file (size option)
)
\c@part=\count79
\c@chapter=\count80
\c@section=\count81
\c@subsection=\count82
\c@subsubsection=\count83
\c@paragraph=\count84
\c@subparagraph=\count85
\c@figure=\count86
\c@table=\count87
\abovecaptionskip=\skip41
\belowcaptionskip=\skip42
\bibindent=\dimen102
) (/usr/share/texlive/texmf-dist/tex/latex/amsfonts/amssymb.sty
Package: amssymb 2013/01/14 v3.01 AMS font symbols
 (/usr/share/texlive/texmf-dist/tex/latex/amsfonts/amsfonts.sty
Package: amsfonts 2013/01/14 v3.01 Basic AMSFonts support
\@emptytoks=\toks14
\symAMSa=\mathgroup4
\symAMSb=\mathgroup5
LaTeX Font Info:    Overwriting math alphabet `\mathfrak' in version `bold'
(Font)                  U/euf/m/n --> U/euf/b/n on input line 106.
)) (/usr/share/texlive/texmf-dist/tex/latex/graphics/graphics.sty
Package: graphics 2017/06/25 v1.2c Standard LaTeX Graphics (DPC,SPQR)
 (/usr/share/texlive/texmf-dist/tex/latex/graphics/trig.sty
Package: trig 2016/01/03 v1.10 sin cos tan (DPC)
) (/usr/share/texlive/texmf-dist/tex/latex/graphics-cfg/graphics.cfg
File: graphics.cfg 2016/06/04 v1.11 sample graphics configuration
)
Package graphics Info: Driver file: pdftex.def on input line 99.
 (/usr/share/texlive/texmf-dist/tex/latex/graphics-def/pdftex.def
File: pdftex.def 2018/01/08 v1.0l Graphics/color driver for pdftex
)) (/usr/share/texlive/texmf-dist/tex/latex/caption/caption.sty
Package: caption 2016/02/21 v3.3-144 Customizing captions (AR)
 (/usr/share/texlive/texmf-dist/tex/latex/caption/caption3.sty
Package: caption3 2016/05/22 v1.7-166 caption3 kernel (AR)
Package caption3 Info: TeX engine: e-TeX on input line 67.
 (/usr/share/texlive/texmf-dist/tex/latex/graphics/keyval.sty
Package: keyval 2014/10/28 v1.15 key=value parser (DPC)
\KV@toks@=\toks15
)
\captionmargin=\dimen103
\captionmargin@=\dimen104
\captionwidth=\dimen105
\caption@tempdima=\dimen106
\caption@indent=\dimen107
\caption@parindent=\dimen108
\caption@hangindent=\dimen109
)
\c@ContinuedFloat=\count88
) (/usr/share/texlive/texmf-dist/tex/latex/fancyhdr/fancyhdr.sty
Package: fancyhdr 2017/06/30 v3.9a Extensive control of page headers and footers
\f@nch@headwidth=\skip43
\f@nch@O@elh=\skip44
\f@nch@O@erh=\skip45
\f@nch@O@olh=\skip46
\f@nch@O@orh=\skip47
\f@nch@O@elf=\skip48
\f@nch@O@erf=\skip49
\f@nch@O@olf=\skip50
\f@nch@O@orf=\skip51
) (/usr/share/texlive/texmf-dist/tex/latex/amsfonts/eucal.sty
Package: eucal 2009/06/22 v3.00 Euler Script fonts
LaTeX Font Info:    Overwriting math alphabet `\EuScript' in version `bold'
(Font)                  U/eus/m/n --> U/eus/b/n on input line 33.
) (/usr/share/texlive/texmf-dist/tex/generic/babel/babel.sty
Package: babel 2018/02/14 3.18 The Babel package
 (/usr/share/texlive/texmf-dist/tex/generic/babel/switch.def
File: switch.def 2018/02/14 3.18 Babel switching mechanism
) (/usr/share/texlive/texmf-dist/tex/generic/babel-english/english.ldf
Language: english 2017/06/06 v3.3r English support from the babel system
 (/usr/share/texlive/texmf-dist/tex/generic/babel/babel.def
File: babel.def 2018/02/14 3.18 Babel common definitions
\babel@savecnt=\count89
\U@D=\dimen110
 (/usr/share/texlive/texmf-dist/tex/generic/babel/txtbabel.def)
\bbl@dirlevel=\count90
)
\l@canadian = a dialect from \language\l@american 
\l@australian = a dialect from \language\l@british 
\l@newzealand = a dialect from \language\l@british 
)) (/usr/share/texlive/texmf-dist/tex/latex/graphics/color.sty
Package: color 2016/07/10 v1.1e Standard LaTeX Color (DPC)
 (/usr/share/texlive/texmf-dist/tex/latex/graphics-cfg/color.cfg
File: color.cfg 2016/01/02 v1.6 sample color configuration
)
Package color Info: Driver file: pdftex.def on input line 147.
 (/usr/share/texlive/texmf-dist/tex/latex/graphics/dvipsnam.def
File: dvipsnam.def 2016/06/17 v3.0m Driver-dependent file (DPC,SPQR)
)) (/usr/share/texlive/texmf-dist/tex/latex/footmisc/footmisc.sty
Package: footmisc 2011/06/06 v5.5b a miscellany of footnote facilities
\FN@temptoken=\toks16
\footnotemargin=\dimen111
\c@pp@next@reset=\count91
\c@@fnserial=\count92
Package footmisc Info: Declaring symbol style bringhurst on input line 855.
Package footmisc Info: Declaring symbol style chicago on input line 863.
Package footmisc Info: Declaring symbol style wiley on input line 872.
Package footmisc Info: Declaring symbol style lamport-robust on input line 883.
Package footmisc Info: Declaring symbol style lamport* on input line 903.
Package footmisc Info: Declaring symbol style lamport*-robust on input line 924.
) (/usr/share/texlive/texmf-dist/tex/latex/natbib/natbib.sty
Package: natbib 2010/09/13 8.31b (PWD, AO)
\bibhang=\skip52
\bibsep=\skip53
LaTeX Info: Redefining \cite on input line 694.
\c@NAT@ctr=\count93
) (/usr/share/texlive/texmf-dist/tex/latex/base/ifthen.sty
Package: ifthen 2014/09/29 v1.1c Standard LaTeX ifthen package (DPC)
) (/usr/share/texlive/texmf-dist/tex/latex/tools/multicol.sty
Package: multicol 2017/04/11 v1.8q multicolumn formatting (FMi)
\c@tracingmulticols=\count94
\mult@box=\box26
\multicol@leftmargin=\dimen112
\c@unbalance=\count95
\c@collectmore=\count96
\doublecol@number=\count97
\multicoltolerance=\count98
\multicolpretolerance=\count99
\full@width=\dimen113
\page@free=\dimen114
\premulticols=\dimen115
\postmulticols=\dimen116
\multicolsep=\skip54
\multicolbaselineskip=\skip55
\partial@page=\box27
\last@line=\box28
\maxbalancingoverflow=\dimen117
\mult@rightbox=\box29
\mult@grightbox=\box30
\mult@gfirstbox=\box31
\mult@firstbox=\box32
\@tempa=\box33
\@tempa=\box34
\@tempa=\box35
\@tempa=\box36
\@tempa=\box37
\@tempa=\box38
\@tempa=\box39
\@tempa=\box40
\@tempa=\box41
\@tempa=\box42
\@tempa=\box43
\@tempa=\box44
\@tempa=\box45
\@tempa=\box46
\@tempa=\box47
\@tempa=\box48
\@tempa=\box49
\c@columnbadness=\count100
\c@finalcolumnbadness=\count101
\last@try=\dimen118
\multicolovershoot=\dimen119
\multicolundershoot=\dimen120
\mult@nat@firstbox=\box50
\colbreak@box=\box51
\mc@col@check@num=\count102
) (/usr/share/texlive/texmf-dist/tex/latex/tocbibind/tocbibind.sty
Package: tocbibind 2010/10/13 v1.5k extra ToC listings
Package tocbibind Info: The document has chapter divisions on input line 50.


Package tocbibind Note: Using chapter style headings, unless overridden.

) (/usr/share/texlive/texmf-dist/tex/latex/nomencl/nomencl.sty
Package: nomencl 2005/09/22 v4.2 Nomenclature package (LN)
\nomlabelwidth=\dimen121
\nom@tempdim=\dimen122
\nomitemsep=\skip56
)
\@nomenclaturefile=\write3
\openout3 = `thesis.nlo'.


Writing nomenclature file thesis.nlo
(/usr/share/texlive/texmf-dist/tex/generic/oberdiek/ifpdf.sty
Package: ifpdf 2017/03/15 v3.2 Provides the ifpdf switch
) (/usr/share/texlive/texmf-dist/tex/latex/hyperref/hyperref.sty
Package: hyperref 2018/02/06 v6.86b Hypertext links for LaTeX
 (/usr/share/texlive/texmf-dist/tex/generic/oberdiek/hobsub-hyperref.sty
Package: hobsub-hyperref 2016/05/16 v1.14 Bundle oberdiek, subset hyperref (HO)
 (/usr/share/texlive/texmf-dist/tex/generic/oberdiek/hobsub-generic.sty
Package: hobsub-generic 2016/05/16 v1.14 Bundle oberdiek, subset generic (HO)
Package: hobsub 2016/05/16 v1.14 Construct package bundles (HO)
Package: infwarerr 2016/05/16 v1.4 Providing info/warning/error messages (HO)
Package: ltxcmds 2016/05/16 v1.23 LaTeX kernel commands for general use (HO)
Package: ifluatex 2016/05/16 v1.4 Provides the ifluatex switch (HO)
Package ifluatex Info: LuaTeX not detected.
Package: ifvtex 2016/05/16 v1.6 Detect VTeX and its facilities (HO)
Package ifvtex Info: VTeX not detected.
Package: intcalc 2016/05/16 v1.2 Expandable calculations with integers (HO)
Package hobsub Info: Skipping package `ifpdf' (already loaded).
Package: etexcmds 2016/05/16 v1.6 Avoid name clashes with e-TeX commands (HO)
Package etexcmds Info: Could not find \expanded.
(etexcmds)             That can mean that you are not using pdfTeX 1.50 or
(etexcmds)             that some package has redefined \expanded.
(etexcmds)             In the latter case, load this package earlier.
Package: kvsetkeys 2016/05/16 v1.17 Key value parser (HO)
Package: kvdefinekeys 2016/05/16 v1.4 Define keys (HO)
Package: pdftexcmds 2018/01/21 v0.26 Utility functions of pdfTeX for LuaTeX (HO)
Package pdftexcmds Info: LuaTeX not detected.
Package pdftexcmds Info: \pdf@primitive is available.
Package pdftexcmds Info: \pdf@ifprimitive is available.
Package pdftexcmds Info: \pdfdraftmode found.
Package: pdfescape 2016/05/16 v1.14 Implements pdfTeX's escape features (HO)
Package: bigintcalc 2016/05/16 v1.4 Expandable calculations on big integers (HO)
Package: bitset 2016/05/16 v1.2 Handle bit-vector datatype (HO)
Package: uniquecounter 2016/05/16 v1.3 Provide unlimited unique counter (HO)
)
Package hobsub Info: Skipping package `hobsub' (already loaded).
Package: letltxmacro 2016/05/16 v1.5 Let assignment for LaTeX macros (HO)
Package: hopatch 2016/05/16 v1.3 Wrapper for package hooks (HO)
Package: xcolor-patch 2016/05/16 xcolor patch
Package: atveryend 2016/05/16 v1.9 Hooks at the very end of document (HO)
Package atveryend Info: \enddocument detected (standard20110627).
Package: atbegshi 2016/06/09 v1.18 At begin shipout hook (HO)
Package: refcount 2016/05/16 v3.5 Data extraction from label references (HO)
Package: hycolor 2016/05/16 v1.8 Color options for hyperref/bookmark (HO)
) (/usr/share/texlive/texmf-dist/tex/generic/ifxetex/ifxetex.sty
Package: ifxetex 2010/09/12 v0.6 Provides ifxetex conditional
) (/usr/share/texlive/texmf-dist/tex/latex/oberdiek/auxhook.sty
Package: auxhook 2016/05/16 v1.4 Hooks for auxiliary files (HO)
) (/usr/share/texlive/texmf-dist/tex/latex/oberdiek/kvoptions.sty
Package: kvoptions 2016/05/16 v3.12 Key value format for package options (HO)
)
\@linkdim=\dimen123
\Hy@linkcounter=\count103
\Hy@pagecounter=\count104
 (/usr/share/texlive/texmf-dist/tex/latex/hyperref/pd1enc.def
File: pd1enc.def 2018/02/06 v6.86b Hyperref: PDFDocEncoding definition (HO)
)
\Hy@SavedSpaceFactor=\count105
 (/usr/share/texlive/texmf-dist/tex/latex/latexconfig/hyperref.cfg
File: hyperref.cfg 2002/06/06 v1.2 hyperref configuration of TeXLive
)
Package hyperref Info: Option `plainpages' set `false' on input line 4383.
Package hyperref Info: Option `pdfpagelabels' set `true' on input line 4383.


Package hyperref Warning: Values of option `pdfpagelayout':
(hyperref)                * `SinglePage'
(hyperref)                * `OneColumn'
(hyperref)                * `TwoColumnLeft'
(hyperref)                * `TwoColumnRight'
(hyperref)                * `TwoPageLeft' (PDF 1.5)
(hyperref)                * `TwoPageRight' (PDF 1.5)
(hyperref)                * An empty value disables the option.
(hyperref)                Unknown value `useoutlines' on input line 4383.

Package hyperref Info: Option `bookmarks' set `true' on input line 4383.
Package hyperref Info: Option `bookmarksopen' set `true' on input line 4383.
Package hyperref Info: Option `bookmarksnumbered' set `true' on input line 4383.
Package hyperref Info: Option `breaklinks' set `true' on input line 4383.
Package hyperref Info: Option `linktocpage' set `true' on input line 4383.
Package hyperref Info: Option `colorlinks' set `false' on input line 4383.
Package hyperref Info: Option `hyperindex' set `true' on input line 4383.
Package hyperref Info: Option `hyperfigures' set `true' on input line 4383.
Package hyperref Info: Hyper figures ON on input line 4507.
Package hyperref Info: Link nesting OFF on input line 4514.
Package hyperref Info: Hyper index ON on input line 4517.
Package hyperref Info: Plain pages OFF on input line 4524.
Package hyperref Info: Backreferencing ON on input line 4527.
Package hyperref Info: Implicit mode ON; LaTeX internals redefined.
Package hyperref Info: Bookmarks ON on input line 4762.
(/usr/share/texlive/texmf-dist/tex/latex/hyperref/backref.sty
Package: backref 2016/05/21 v1.39 Bibliographical back referencing
 (/usr/share/texlive/texmf-dist/tex/latex/oberdiek/rerunfilecheck.sty
Package: rerunfilecheck 2016/05/16 v1.8 Rerun checks for auxiliary files (HO)
Package uniquecounter Info: New unique counter `rerunfilecheck' on input line 282.
))
\c@Hy@tempcnt=\count106
 (/usr/share/texlive/texmf-dist/tex/latex/url/url.sty
\Urlmuskip=\muskip10
Package: url 2013/09/16  ver 3.4  Verb mode for urls, etc.
)
LaTeX Info: Redefining \url on input line 5115.
\XeTeXLinkMargin=\dimen124
\Fld@menulength=\count107
\Field@Width=\dimen125
\Fld@charsize=\dimen126
Package hyperref Info: Hyper figures ON on input line 6367.
Package hyperref Info: Link nesting OFF on input line 6374.
Package hyperref Info: Hyper index ON on input line 6377.
Package hyperref Info: backreferencing ON on input line 6382.
Package hyperref Info: Link coloring OFF on input line 6389.
Package hyperref Info: Link coloring with OCG OFF on input line 6394.
Package hyperref Info: PDF/A mode OFF on input line 6399.
LaTeX Info: Redefining \ref on input line 6439.
LaTeX Info: Redefining \pageref on input line 6443.
\Hy@abspage=\count108
\c@Item=\count109
\c@Hfootnote=\count110
)
Package hyperref Info: Driver: hpdftex.
 (/usr/share/texlive/texmf-dist/tex/latex/hyperref/hpdftex.def
File: hpdftex.def 2018/02/06 v6.86b Hyperref driver for pdfTeX
\Fld@listcount=\count111
\c@bookmark@seq@number=\count112
\Hy@SectionHShift=\skip57
) (/usr/share/texlive/texmf-dist/tex/latex/graphics/graphicx.sty
Package: graphicx 2017/06/01 v1.1a Enhanced LaTeX Graphics (DPC,SPQR)
\Gin@req@height=\dimen127
\Gin@req@width=\dimen128
))
\@input{Latex/Macros/MacroFile1.aux}
\openout2 = `Latex/Macros/MacroFile1.aux'.

(/home/cheffer/workplace/workspace_tum/thesis/once_for_all/my_thesis/Latex/Macros/MacroFile1.tex) (/home/cheffer/workplace/workspace_tum/thesis/once_for_all/my_thesis/thesis.aux (/home/cheffer/workplace/workspace_tum/thesis/once_for_all/my_thesis/0_frontmatter/abstract.aux) (/home/cheffer/workplace/workspace_tum/thesis/once_for_all/my_thesis/0_frontmatter/dedication.aux) (/home/cheffer/workplace/workspace_tum/thesis/once_for_all/my_thesis/0_frontmatter/acknowledgement.aux) (/home/cheffer/workplace/workspace_tum/thesis/once_for_all/my_thesis/0_frontmatter/glossary.aux) (/home/cheffer/workplace/workspace_tum/thesis/once_for_all/my_thesis/1_introduction/introduction.aux) (/home/cheffer/workplace/workspace_tum/thesis/once_for_all/my_thesis/9_backmatter/declaration.aux))
\openout1 = `thesis.aux'.

LaTeX Font Info:    Checking defaults for OML/cmm/m/it on input line 91.
LaTeX Font Info:    ... okay on input line 91.
LaTeX Font Info:    Checking defaults for T1/cmr/m/n on input line 91.
LaTeX Font Info:    ... okay on input line 91.
LaTeX Font Info:    Checking defaults for OT1/cmr/m/n on input line 91.
LaTeX Font Info:    ... okay on input line 91.
LaTeX Font Info:    Checking defaults for OMS/cmsy/m/n on input line 91.
LaTeX Font Info:    ... okay on input line 91.
LaTeX Font Info:    Checking defaults for OMX/cmex/m/n on input line 91.
LaTeX Font Info:    ... okay on input line 91.
LaTeX Font Info:    Checking defaults for U/cmr/m/n on input line 91.
LaTeX Font Info:    ... okay on input line 91.
LaTeX Font Info:    Checking defaults for PD1/pdf/m/n on input line 91.
LaTeX Font Info:    ... okay on input line 91.
 (/usr/share/texlive/texmf-dist/tex/context/base/mkii/supp-pdf.mkii
[Loading MPS to PDF converter (version 2006.09.02).]
\scratchcounter=\count113
\scratchdimen=\dimen129
\scratchbox=\box52
\nofMPsegments=\count114
\nofMParguments=\count115
\everyMPshowfont=\toks17
\MPscratchCnt=\count116
\MPscratchDim=\dimen130
\MPnumerator=\count117
\makeMPintoPDFobject=\count118
\everyMPtoPDFconversion=\toks18
) (/usr/share/texlive/texmf-dist/tex/latex/oberdiek/epstopdf-base.sty
Package: epstopdf-base 2016/05/15 v2.6 Base part for package epstopdf
 (/usr/share/texlive/texmf-dist/tex/latex/oberdiek/grfext.sty
Package: grfext 2016/05/16 v1.2 Manage graphics extensions (HO)
)
Package epstopdf-base Info: Redefining graphics rule for `.eps' on input line 438.
Package grfext Info: Graphics extension search list:
(grfext)             [.png,.jpg,.jpeg,.pdf,.gif,.eps]
(grfext)             \AppendGraphicsExtensions on input line 456.
 (/usr/share/texlive/texmf-dist/tex/latex/latexconfig/epstopdf-sys.cfg
File: epstopdf-sys.cfg 2010/07/13 v1.3 Configuration of (r)epstopdf for TeX Live
))
Package caption Info: Begin \AtBeginDocument code.
Package caption Info: hyperref package is loaded.
Package caption Info: End \AtBeginDocument code.
\AtBeginShipoutBox=\box53
Package backref Info: ** backref set up for natbib ** on input line 91.
Package hyperref Info: Link coloring OFF on input line 91.
 (/usr/share/texlive/texmf-dist/tex/latex/hyperref/nameref.sty
Package: nameref 2016/05/21 v2.44 Cross-referencing by name of section
 (/usr/share/texlive/texmf-dist/tex/generic/oberdiek/gettitlestring.sty
Package: gettitlestring 2016/05/16 v1.5 Cleanup title references (HO)
)
\c@section@level=\count119
)
LaTeX Info: Redefining \ref on input line 91.
LaTeX Info: Redefining \pageref on input line 91.
LaTeX Info: Redefining \nameref on input line 91.
 (/home/cheffer/workplace/workspace_tum/thesis/once_for_all/my_thesis/thesis.out) (/home/cheffer/workplace/workspace_tum/thesis/once_for_all/my_thesis/thesis.out)
\@outlinefile=\write4
\openout4 = `thesis.out'.

<0_frontmatter/figures/logo.png, id=28, 301.125pt x 129.48375pt>
File: 0_frontmatter/figures/logo.png Graphic file (type png)
<use 0_frontmatter/figures/logo.png>
Package pdftex.def Info: 0_frontmatter/figures/logo.png  used on input line 102.
(pdftex.def)             Requested size: 113.81102pt x 48.93958pt.
 [1



\FN@pp@footnotehinttrue 

{/var/lib/texmf/fonts/map/pdftex/updmap/pdftex.map} </home/cheffer/workplace/workspace_tum/thesis/once_for_all/my_thesis/0_frontmatter/figures/logo.png>] [2] (/home/cheffer/workplace/workspace_tum/thesis/once_for_all/my_thesis/thesis.toc
LaTeX Font Info:    Try loading font information for U+msa on input line 6.
 (/usr/share/texlive/texmf-dist/tex/latex/amsfonts/umsa.fd
File: umsa.fd 2013/01/14 v3.01 AMS symbols A
)
LaTeX Font Info:    Try loading font information for U+msb on input line 6.
 (/usr/share/texlive/texmf-dist/tex/latex/amsfonts/umsb.fd
File: umsb.fd 2013/01/14 v3.01 AMS symbols B
))
\tf@toc=\write5
\openout5 = `thesis.toc'.

 [3





] [4

] (/home/cheffer/workplace/workspace_tum/thesis/once_for_all/my_thesis/thesis.lof

Package natbib Warning: Citation `JMSQ07' on page v undefined on input line 3.


Package natbib Warning: Citation `JMSQ07' on page v undefined on input line 3.


Package natbib Warning: Citation `ESWD13' on page v undefined on input line 3.


Package natbib Warning: Citation `AminTA09' on page v undefined on input line 6.

)
\tf@lof=\write6
\openout6 = `thesis.lof'.

 [5] [6

] (/home/cheffer/workplace/workspace_tum/thesis/once_for_all/my_thesis/thesis.lot)
\tf@lot=\write7
\openout7 = `thesis.lot'.

 [7] (/home/cheffer/workplace/workspace_tum/thesis/once_for_all/my_thesis/thesis.nls [8

]
Underfull \hbox (badness 10000) detected at line 5
[]\OT1/cmr/bx/n/9 DAPI[]
 []


Underfull \hbox (badness 10000) detected at line 7
[]\OT1/cmr/bx/n/9 DEPC[]
 []


Underfull \hbox (badness 10000) in paragraph at lines 7--9
[]\OT1/cmr/m/n/9 diethyl-pyro-carbonate; used to
 []


Underfull \hbox (badness 10000) in paragraph at lines 7--9
\OT1/cmr/m/n/9 re-move RNA-degrading en-zymes
 []


Underfull \hbox (badness 10000) detected at line 9
[]\OT1/cmr/bx/n/9 DMSO[]
 []


Underfull \hbox (badness 10000) detected at line 11
[]\OT1/cmr/bx/n/9 EDTA[]
 []


Underfull \hbox (badness 10000) in paragraph at lines 11--13
[]\OT1/cmr/m/n/9 Ethylene-diamine-tetraacetic acid;
 []

) [9] [10

]
\openout2 = `1_introduction/introduction.aux'.

 (/home/cheffer/workplace/workspace_tum/thesis/once_for_all/my_thesis/1_introduction/introduction.tex
 1.
Missing character: There is no â in font cmr10!
Missing character: There is no € in font cmr10!
Missing character: There is no ” in font cmr10!
Missing character: There is no â in font cmr10!
Missing character: There is no € in font cmr10!
Missing character: There is no ” in font cmr10!
Missing character: There is no â in font cmr10!
Missing character: There is no € in font cmr10!
Missing character: There is no ” in font cmr10!
Missing character: There is no â in font cmr10!
Missing character: There is no € in font cmr10!
Missing character: There is no ” in font cmr10!
[1


]

Package natbib Warning: Citation `JEMP08' on page 2 undefined on input line 51.


Package natbib Warning: Citation `EVNR03' on page 2 undefined on input line 51.


Package natbib Warning: Citation `JMSQ07' on page 2 undefined on input line 51.

(/home/cheffer/workplace/workspace_tum/thesis/once_for_all/my_thesis/1_introduction/figures/valve_mixer_chip.pdf_tex
<1_introduction/figures/valve_mixer_chip.pdf, id=105, 147.37662pt x 314.68816pt>
File: 1_introduction/figures/valve_mixer_chip.pdf Graphic file (type pdf)
<use 1_introduction/figures/valve_mixer_chip.pdf>
Package pdftex.def Info: 1_introduction/figures/valve_mixer_chip.pdf  used on input line 52.
(pdftex.def)             Requested size: 147.3766pt x 314.68738pt.
)

Package natbib Warning: Citation `JMSQ07' on page 2 undefined on input line 75.


Package natbib Warning: Citation `JMSQ07' on page 2 undefined on input line 75.


Package natbib Warning: Citation `ESWD13' on page 2 undefined on input line 75.


Package natbib Warning: Citation `JMSQ07' on page 2 undefined on input line 75.


Package natbib Warning: Citation `JMSQ07' on page 2 undefined on input line 75.


Package natbib Warning: Citation `ESWD13' on page 2 undefined on input line 75.


Package natbib Warning: Citation `Studer04' on page 2 undefined on input line 101.


Package natbib Warning: Citation `mixing_store' on page 2 undefined on input line 117.

[2] [3 </home/cheffer/workplace/workspace_tum/thesis/once_for_all/my_thesis/1_introduction/figures/valve_mixer_chip.pdf>] (/home/cheffer/workplace/workspace_tum/thesis/once_for_all/my_thesis/1_introduction/figures/sequencing_graph.pdf_tex
<1_introduction/figures/sequencing_graph.pdf, id=128, 143.06876pt x 141.81325pt>
File: 1_introduction/figures/sequencing_graph.pdf Graphic file (type pdf)
<use 1_introduction/figures/sequencing_graph.pdf>
Package pdftex.def Info: 1_introduction/figures/sequencing_graph.pdf  used on input line 52.
(pdftex.def)             Requested size: 143.06876pt x 141.8172pt.
)
LaTeX Font Info:    Try loading font information for U+eus on input line 191.
 (/usr/share/texlive/texmf-dist/tex/latex/amsfonts/ueus.fd
File: ueus.fd 2013/01/14 v3.01 Euler Script
) [4 </home/cheffer/workplace/workspace_tum/thesis/once_for_all/my_thesis/1_introduction/figures/sequencing_graph.pdf>]

Package natbib Warning: Citation `RNasePrice' on page 5 undefined on input line 233.


Package natbib Warning: Citation `JMPK08' on page 5 undefined on input line 238.


Package natbib Warning: Citation `C2LC40258K' on page 5 undefined on input line 242.

[5]

Package natbib Warning: Citation `illum' on page 6 undefined on input line 263.


Package natbib Warning: Citation `itrs' on page 6 undefined on input line 272.

(/home/cheffer/workplace/workspace_tum/thesis/once_for_all/my_thesis/1_introduction/figures/biochip_synthesis.pdf_tex
<1_introduction/figures/biochip_synthesis.pdf, id=148, 193.50008pt x 236.75935pt>
File: 1_introduction/figures/biochip_synthesis.pdf Graphic file (type pdf)
<use 1_introduction/figures/biochip_synthesis.pdf>
Package pdftex.def Info: 1_introduction/figures/biochip_synthesis.pdf  used on input line 52.
(pdftex.def)             Requested size: 193.50006pt x 236.77681pt.
) [6 </home/cheffer/workplace/workspace_tum/thesis/once_for_all/my_thesis/1_introduction/figures/biochip_synthesis.pdf>]

Package natbib Warning: Citation `Micheli94' on page 7 undefined on input line 356.


Package natbib Warning: Citation `ChakrabartyFZ10' on page 7 undefined on input line 358.


Package natbib Warning: Citation `PopAC15' on page 7 undefined on input line 358.


Package natbib Warning: Citation `Unger113' on page 7 undefined on input line 373.


Package natbib Warning: Citation `mathies2010multiplexed' on page 7 undefined on input line 373.


Package natbib Warning: Citation `C2LC40258K' on page 7 undefined on input line 382.

[7]

Package natbib Warning: Citation `AminTA09' on page 8 undefined on input line 435.

(/home/cheffer/workplace/workspace_tum/thesis/once_for_all/my_thesis/1_introduction/figures/biochip_arch.pdf_tex
<1_introduction/figures/biochip_arch.pdf, id=162, 172.39507pt x 142.06137pt>
File: 1_introduction/figures/biochip_arch.pdf Graphic file (type pdf)
<use 1_introduction/figures/biochip_arch.pdf>
Package pdftex.def Info: 1_introduction/figures/biochip_arch.pdf  used on input line 52.
(pdftex.def)             Requested size: 172.39505pt x 142.06317pt.
)

Package natbib Warning: Citation `AminTA09' on page 8 undefined on input line 454.


Package natbib Warning: Citation `AminTA09' on page 8 undefined on input line 454.

[8 </home/cheffer/workplace/workspace_tum/thesis/once_for_all/my_thesis/1_introduction/figures/biochip_arch.pdf>] [9]
Overfull \hbox (67.55586pt too wide) in paragraph at lines 601--602
[]$[]$ 
 []


Package natbib Warning: Citation `MinhassPMB12' on page 10 undefined on input line 604.


Package natbib Warning: Citation `LinLCLH14' on page 10 undefined on input line 608.


Package natbib Warning: Citation `HuHC16' on page 10 undefined on input line 619.


Package natbib Warning: Citation `MinhassPMH13' on page 10 undefined on input line 624.


Package natbib Warning: Citation `HuDHC17' on page 10 undefined on input line 627.


Package natbib Warning: Citation `YaoWRCH15' on page 10 undefined on input line 632.


Package natbib Warning: Citation `YaoHC15' on page 10 undefined on input line 633.

[10]

Package natbib Warning: Citation `AminTVWJ08' on page 11 undefined on input line 644.


Package natbib Warning: Citation `MitraRBCB14' on page 11 undefined on input line 644.


Package natbib Warning: Citation `TsengLSH15' on page 11 undefined on input line 675.


Package natbib Warning: Citation `TBMTtcad' on page 11 undefined on input line 683.


Package natbib Warning: Citation `CBBK17' on page 11 undefined on input line 690.


Package natbib Warning: Citation `Liu2018dac' on page 11 undefined on input line 693.


Package natbib Warning: Citation `aledate19' on page 11 undefined on input line 693.


Package natbib Warning: Citation `Zhu2018iccad' on page 11 undefined on input line 695.


Package natbib Warning: Citation `Spindler2008' on page 11 undefined on input line 736.


Package natbib Warning: Citation `ZhangLS16' on page 11 undefined on input line 736.


Package natbib Warning: Citation `Barke2015' on page 11 undefined on input line 738.


Package natbib Warning: Citation `Li2013' on page 11 undefined on input line 739.

[11]
LaTeX Font Info:    Try loading font information for OMS+cmr on input line 807.
 (/usr/share/texlive/texmf-dist/tex/latex/base/omscmr.fd
File: omscmr.fd 2014/09/29 v2.5h Standard LaTeX font definitions
)
LaTeX Font Info:    Font shape `OMS/cmr/m/n' in size <10.95> not available
(Font)              Font shape `OMS/cmsy/m/n' tried instead on input line 807.
) [12] (/home/cheffer/workplace/workspace_tum/thesis/once_for_all/my_thesis/thesis.bbl (/home/cheffer/workplace/workspace_tum/thesis/once_for_all/my_thesis/thesis.brf)
\tf@brf=\write8
\openout8 = `thesis.brf'.



Package natbib Warning: Empty `thebibliography' environment on input line 3.

) [13

]

Package natbib Warning: There were undefined citations.

Package atveryend Info: Empty hook `BeforeClearDocument' on input line 258.
Package atveryend Info: Empty hook `AfterLastShipout' on input line 258.
(/home/cheffer/workplace/workspace_tum/thesis/once_for_all/my_thesis/thesis.aux (/home/cheffer/workplace/workspace_tum/thesis/once_for_all/my_thesis/0_frontmatter/abstract.aux) (/home/cheffer/workplace/workspace_tum/thesis/once_for_all/my_thesis/0_frontmatter/dedication.aux) (/home/cheffer/workplace/workspace_tum/thesis/once_for_all/my_thesis/0_frontmatter/acknowledgement.aux) (/home/cheffer/workplace/workspace_tum/thesis/once_for_all/my_thesis/0_frontmatter/glossary.aux) (/home/cheffer/workplace/workspace_tum/thesis/once_for_all/my_thesis/1_introduction/introduction.aux) (/home/cheffer/workplace/workspace_tum/thesis/once_for_all/my_thesis/9_backmatter/declaration.aux))
Package atveryend Info: Executing hook `AtVeryEndDocument' on input line 258.
Package atveryend Info: Executing hook `AtEndAfterFileList' on input line 258.
Package rerunfilecheck Info: File `thesis.out' has not changed.
(rerunfilecheck)             Checksum: D1D9E2B2E6384AC0A46F35C7344312F8;305.
Package rerunfilecheck Info: File `thesis.brf' has not changed.
(rerunfilecheck)             Checksum: D41D8CD98F00B204E9800998ECF8427E;0.
Package atveryend Info: Empty hook `AtVeryVeryEnd' on input line 258.
 ) 
Here is how much of TeX's memory you used:
 8444 strings out of 492982
 132097 string characters out of 6134896
 225425 words of memory out of 5000000
 11776 multiletter control sequences out of 15000+600000
 15010 words of font info for 57 fonts, out of 8000000 for 9000
 1141 hyphenation exceptions out of 8191
 43i,11n,45p,746b,501s stack positions out of 5000i,500n,10000p,200000b,80000s
</usr/share/texlive/texmf-dist/fonts/type1/public/amsfonts/cm/cmbx10.pfb></usr/share/texlive/texmf-dist/fonts/type1/public/amsfonts/cm/cmbx12.pfb></usr/share/texlive/texmf-dist/fonts/type1/public/amsfonts/cm/cmbx9.pfb></usr/share/texlive/texmf-dist/fonts/type1/public/amsfonts/cm/cmmi10.pfb></usr/share/texlive/texmf-dist/fonts/type1/public/amsfonts/cm/cmmi8.pfb></usr/share/texlive/texmf-dist/fonts/type1/public/amsfonts/cm/cmr10.pfb></usr/share/texlive/texmf-dist/fonts/type1/public/amsfonts/cm/cmr12.pfb></usr/share/texlive/texmf-dist/fonts/type1/public/amsfonts/cm/cmr6.pfb></usr/share/texlive/texmf-dist/fonts/type1/public/amsfonts/cm/cmr8.pfb></usr/share/texlive/texmf-dist/fonts/type1/public/amsfonts/cm/cmr9.pfb></usr/share/texlive/texmf-dist/fonts/type1/public/amsfonts/cm/cmsy10.pfb></usr/share/texlive/texmf-dist/fonts/type1/public/amsfonts/cm/cmti10.pfb></usr/share/texlive/texmf-dist/fonts/type1/public/amsfonts/cm/cmti12.pfb></usr/share/texlive/texmf-dist/fonts/type1/public/amsfonts/euler/eusm10.pfb>
Output written on /home/cheffer/workplace/workspace_tum/thesis/once_for_all/my_thesis/thesis.pdf (23 pages, 2684764 bytes).
PDF statistics:
 260 PDF objects out of 1000 (max. 8388607)
 206 compressed objects within 3 object streams
 36 named destinations out of 1000 (max. 500000)
 74 words of extra memory for PDF output out of 10000 (max. 10000000)

